07/08/2017 05:27:44 PM: english model: loaded.
07/08/2017 05:27:44 PM: [321/12000] Doc data_20170129080634_387.tml.
07/08/2017 05:27:44 PM: Document dataCleaned/data_20170129080634_387.tml: parsing...
07/08/2017 05:27:44 PM: Document dataCleaned/data_20170129080634_387.tml skipped: parse error.
07/08/2017 05:27:44 PM: [321/12000] Doc data_20170129080634_387.tml annotated.
07/08/2017 05:27:44 PM: [359/12000] Doc data_20170129080634_420.tml.
07/08/2017 05:27:44 PM: Document dataCleaned/data_20170129080634_420.tml: parsing...
07/08/2017 05:27:44 PM: Document dataCleaned/data_20170129080634_420.tml skipped: parse error.
07/08/2017 05:27:44 PM: [359/12000] Doc data_20170129080634_420.tml annotated.
07/08/2017 05:27:44 PM: [597/12000] Doc data_20170129080646_185.tml.
07/08/2017 05:27:44 PM: Document dataCleaned/data_20170129080646_185.tml: parsing...
07/08/2017 05:27:44 PM: Document dataCleaned/data_20170129080646_185.tml skipped: parse error.
07/08/2017 05:27:44 PM: [597/12000] Doc data_20170129080646_185.tml annotated.
07/08/2017 05:27:44 PM: [620/12000] Doc data_20170129080646_205.tml.
07/08/2017 05:27:44 PM: Document dataCleaned/data_20170129080646_205.tml: parsing...
07/08/2017 05:27:44 PM: Document dataCleaned/data_20170129080646_205.tml skipped: parse error.
07/08/2017 05:27:44 PM: [620/12000] Doc data_20170129080646_205.tml annotated.
07/08/2017 05:27:44 PM: [624/12000] Doc data_20170129080646_209.tml.
07/08/2017 05:27:44 PM: Document dataCleaned/data_20170129080646_209.tml: parsing...
07/08/2017 05:27:44 PM: Document dataCleaned/data_20170129080646_209.tml skipped: parse error.
07/08/2017 05:27:44 PM: [624/12000] Doc data_20170129080646_209.tml annotated.
07/08/2017 05:27:44 PM: [660/12000] Doc data_20170129080646_241.tml.
07/08/2017 05:27:44 PM: Document dataCleaned/data_20170129080646_241.tml: parsing...
07/08/2017 05:27:44 PM: Document dataCleaned/data_20170129080646_241.tml skipped: parse error.
07/08/2017 05:27:44 PM: [660/12000] Doc data_20170129080646_241.tml annotated.
07/08/2017 05:27:44 PM: [661/12000] Doc data_20170129080646_242.tml.
07/08/2017 05:27:44 PM: Document dataCleaned/data_20170129080646_242.tml: parsing...
07/08/2017 05:27:44 PM: Document dataCleaned/data_20170129080646_242.tml skipped: parse error.
07/08/2017 05:27:44 PM: [661/12000] Doc data_20170129080646_242.tml annotated.
07/08/2017 05:27:44 PM: [737/12000] Doc data_20170129080646_310.tml.
07/08/2017 05:27:44 PM: Document dataCleaned/data_20170129080646_310.tml: parsing...
07/08/2017 05:27:44 PM: Document dataCleaned/data_20170129080646_310.tml skipped: parse error.
07/08/2017 05:27:44 PM: [737/12000] Doc data_20170129080646_310.tml annotated.
07/08/2017 05:27:44 PM: [803/12000] Doc data_20170129080646_370.tml.
07/08/2017 05:27:44 PM: Document dataCleaned/data_20170129080646_370.tml: parsing...
07/08/2017 05:27:44 PM: Document dataCleaned/data_20170129080646_370.tml skipped: parse error.
07/08/2017 05:27:44 PM: [803/12000] Doc data_20170129080646_370.tml annotated.
07/08/2017 05:27:44 PM: [903/12000] Doc data_20170129080646_460.tml.
07/08/2017 05:27:44 PM: Document dataCleaned/data_20170129080646_460.tml: parsing...
07/08/2017 05:27:56 PM: Document dataCleaned/data_20170129080646_460.tml skipped: parse error.
07/08/2017 05:27:56 PM: [903/12000] Doc data_20170129080646_460.tml annotated.
07/08/2017 05:27:56 PM: [925/12000] Doc data_20170129080646_480.tml.
07/08/2017 05:27:56 PM: Document dataCleaned/data_20170129080646_480.tml: parsing...
07/08/2017 05:27:56 PM: Document dataCleaned/data_20170129080646_480.tml skipped: parse error.
07/08/2017 05:27:56 PM: [925/12000] Doc data_20170129080646_480.tml annotated.
07/08/2017 05:27:56 PM: [970/12000] Doc data_20170129080646_71.tml.
07/08/2017 05:27:56 PM: Document dataCleaned/data_20170129080646_71.tml: parsing...
07/08/2017 05:27:56 PM: Document dataCleaned/data_20170129080646_71.tml skipped: parse error.
07/08/2017 05:27:56 PM: [970/12000] Doc data_20170129080646_71.tml annotated.
07/08/2017 05:27:56 PM: [1093/12000] Doc data_20170129080659_181.tml.
07/08/2017 05:27:56 PM: Document dataCleaned/data_20170129080659_181.tml: parsing...
07/08/2017 05:27:56 PM: Document dataCleaned/data_20170129080659_181.tml skipped: parse error.
07/08/2017 05:27:56 PM: [1093/12000] Doc data_20170129080659_181.tml annotated.
07/08/2017 05:27:56 PM: [1095/12000] Doc data_20170129080659_183.tml.
07/08/2017 05:27:56 PM: Document dataCleaned/data_20170129080659_183.tml: parsing...
07/08/2017 05:27:56 PM: Document dataCleaned/data_20170129080659_183.tml skipped: parse error.
07/08/2017 05:27:56 PM: [1095/12000] Doc data_20170129080659_183.tml annotated.
07/08/2017 05:27:56 PM: [1096/12000] Doc data_20170129080659_184.tml.
07/08/2017 05:27:56 PM: Document dataCleaned/data_20170129080659_184.tml: parsing...
07/08/2017 05:27:56 PM: Document dataCleaned/data_20170129080659_184.tml skipped: parse error.
07/08/2017 05:27:56 PM: [1096/12000] Doc data_20170129080659_184.tml annotated.
07/08/2017 05:27:56 PM: [1134/12000] Doc data_20170129080659_218.tml.
07/08/2017 05:27:56 PM: Document dataCleaned/data_20170129080659_218.tml: parsing...
07/08/2017 05:28:08 PM: Document dataCleaned/data_20170129080659_218.tml skipped: parse error.
07/08/2017 05:28:08 PM: [1134/12000] Doc data_20170129080659_218.tml annotated.
07/08/2017 05:28:08 PM: [1137/12000] Doc data_20170129080659_220.tml.
07/08/2017 05:28:08 PM: Document dataCleaned/data_20170129080659_220.tml: parsing...
07/08/2017 05:28:20 PM: Document dataCleaned/data_20170129080659_220.tml skipped: parse error.
07/08/2017 05:28:20 PM: [1137/12000] Doc data_20170129080659_220.tml annotated.
07/08/2017 05:28:20 PM: [1254/12000] Doc data_20170129080659_326.tml.
07/08/2017 05:28:20 PM: Document dataCleaned/data_20170129080659_326.tml: parsing...
07/08/2017 05:28:20 PM: Document dataCleaned/data_20170129080659_326.tml skipped: parse error.
07/08/2017 05:28:20 PM: [1254/12000] Doc data_20170129080659_326.tml annotated.
07/08/2017 05:28:20 PM: [1257/12000] Doc data_20170129080659_329.tml.
07/08/2017 05:28:20 PM: Document dataCleaned/data_20170129080659_329.tml: parsing...
07/08/2017 05:28:20 PM: Document dataCleaned/data_20170129080659_329.tml skipped: parse error.
07/08/2017 05:28:20 PM: [1257/12000] Doc data_20170129080659_329.tml annotated.
07/08/2017 05:28:20 PM: [1261/12000] Doc data_20170129080659_332.tml.
07/08/2017 05:28:20 PM: Document dataCleaned/data_20170129080659_332.tml: parsing...
07/08/2017 05:28:20 PM: Document dataCleaned/data_20170129080659_332.tml skipped: parse error.
07/08/2017 05:28:20 PM: [1261/12000] Doc data_20170129080659_332.tml annotated.
07/08/2017 05:28:20 PM: [1277/12000] Doc data_20170129080659_347.tml.
07/08/2017 05:28:20 PM: Document dataCleaned/data_20170129080659_347.tml: parsing...
07/08/2017 05:28:20 PM: Document dataCleaned/data_20170129080659_347.tml skipped: parse error.
07/08/2017 05:28:20 PM: [1277/12000] Doc data_20170129080659_347.tml annotated.
07/08/2017 05:28:20 PM: [1472/12000] Doc data_20170129080659_73.tml.
07/08/2017 05:28:20 PM: Document dataCleaned/data_20170129080659_73.tml: parsing...
07/08/2017 05:28:21 PM: Document dataCleaned/data_20170129080659_73.tml: parsed.
07/08/2017 05:28:21 PM: Attributes: extracting...
07/08/2017 05:28:27 PM: Attributes: extracted.
07/08/2017 05:28:27 PM: Identification: applying ML models.
07/08/2017 05:28:33 PM: Identification: done.
07/08/2017 05:28:33 PM: Normalisation: applying ML models.
07/08/2017 05:28:38 PM: Normalisation: done.
07/08/2017 05:28:38 PM: Temporal relation extraction: applying ML models.
07/08/2017 05:28:39 PM: Temporal relation extraction: done.
07/08/2017 05:28:39 PM: Document dataCleaned/data_20170129080659_73.tml skipped: parse error.
07/08/2017 05:28:39 PM: [1472/12000] Doc data_20170129080659_73.tml annotated.
07/08/2017 05:28:39 PM: [1483/12000] Doc data_20170129080659_83.tml.
07/08/2017 05:28:39 PM: Document dataCleaned/data_20170129080659_83.tml: parsing...
07/08/2017 05:28:39 PM: Document dataCleaned/data_20170129080659_83.tml skipped: parse error.
07/08/2017 05:28:39 PM: [1483/12000] Doc data_20170129080659_83.tml annotated.
07/08/2017 05:28:39 PM: [1484/12000] Doc data_20170129080659_84.tml.
07/08/2017 05:28:39 PM: Document dataCleaned/data_20170129080659_84.tml: parsing...
07/08/2017 05:28:39 PM: Document dataCleaned/data_20170129080659_84.tml skipped: parse error.
07/08/2017 05:28:39 PM: [1484/12000] Doc data_20170129080659_84.tml annotated.
07/08/2017 05:28:39 PM: [1505/12000] Doc data_20170129080712_101.tml.
07/08/2017 05:28:39 PM: Document dataCleaned/data_20170129080712_101.tml: parsing...
07/08/2017 05:28:39 PM: Document dataCleaned/data_20170129080712_101.tml skipped: parse error.
07/08/2017 05:28:39 PM: [1505/12000] Doc data_20170129080712_101.tml annotated.
07/08/2017 05:28:39 PM: [1551/12000] Doc data_20170129080712_143.tml.
07/08/2017 05:28:39 PM: Document dataCleaned/data_20170129080712_143.tml: parsing...
07/08/2017 05:28:39 PM: Document dataCleaned/data_20170129080712_143.tml skipped: parse error.
07/08/2017 05:28:39 PM: [1551/12000] Doc data_20170129080712_143.tml annotated.
07/08/2017 05:28:39 PM: [1579/12000] Doc data_20170129080712_169.tml.
07/08/2017 05:28:39 PM: Document dataCleaned/data_20170129080712_169.tml: parsing...
07/08/2017 05:28:39 PM: Document dataCleaned/data_20170129080712_169.tml skipped: parse error.
07/08/2017 05:28:39 PM: [1579/12000] Doc data_20170129080712_169.tml annotated.
07/08/2017 05:28:39 PM: [1611/12000] Doc data_20170129080712_198.tml.
07/08/2017 05:28:39 PM: Document dataCleaned/data_20170129080712_198.tml: parsing...
07/08/2017 05:28:52 PM: Document dataCleaned/data_20170129080712_198.tml skipped: parse error.
07/08/2017 05:28:52 PM: [1611/12000] Doc data_20170129080712_198.tml annotated.
07/08/2017 05:28:52 PM: [1640/12000] Doc data_20170129080712_223.tml.
07/08/2017 05:28:52 PM: Document dataCleaned/data_20170129080712_223.tml: parsing...
07/08/2017 05:29:04 PM: Document dataCleaned/data_20170129080712_223.tml skipped: parse error.
07/08/2017 05:29:04 PM: [1640/12000] Doc data_20170129080712_223.tml annotated.
07/08/2017 05:29:04 PM: [1700/12000] Doc data_20170129080712_278.tml.
07/08/2017 05:29:04 PM: Document dataCleaned/data_20170129080712_278.tml: parsing...
07/08/2017 05:29:04 PM: Document dataCleaned/data_20170129080712_278.tml skipped: parse error.
07/08/2017 05:29:04 PM: [1700/12000] Doc data_20170129080712_278.tml annotated.
07/08/2017 05:29:04 PM: [1831/12000] Doc data_20170129080712_396.tml.
07/08/2017 05:29:04 PM: Document dataCleaned/data_20170129080712_396.tml: parsing...
07/08/2017 05:29:05 PM: Document dataCleaned/data_20170129080712_396.tml: parsed.
07/08/2017 05:29:05 PM: Attributes: extracting...
07/08/2017 05:29:11 PM: Attributes: extracted.
07/08/2017 05:29:11 PM: Identification: applying ML models.
07/08/2017 05:29:17 PM: Identification: done.
07/08/2017 05:29:17 PM: Normalisation: applying ML models.
07/08/2017 05:29:21 PM: Normalisation: done.
07/08/2017 05:29:21 PM: Temporal relation extraction: applying ML models.
07/08/2017 05:29:23 PM: Temporal relation extraction: done.
07/08/2017 05:29:23 PM: Document dataCleaned/data_20170129080712_396.tml skipped: parse error.
07/08/2017 05:29:23 PM: [1831/12000] Doc data_20170129080712_396.tml annotated.
07/08/2017 05:29:23 PM: [1841/12000] Doc data_20170129080712_404.tml.
07/08/2017 05:29:23 PM: Document dataCleaned/data_20170129080712_404.tml: parsing...
07/08/2017 05:29:23 PM: Document dataCleaned/data_20170129080712_404.tml skipped: parse error.
07/08/2017 05:29:23 PM: [1841/12000] Doc data_20170129080712_404.tml annotated.
07/08/2017 05:29:23 PM: [1923/12000] Doc data_20170129080712_479.tml.
07/08/2017 05:29:23 PM: Document dataCleaned/data_20170129080712_479.tml: parsing...
07/08/2017 05:29:36 PM: Document dataCleaned/data_20170129080712_479.tml skipped: parse error.
07/08/2017 05:29:36 PM: [1923/12000] Doc data_20170129080712_479.tml annotated.
07/08/2017 05:29:36 PM: [2054/12000] Doc data_20170129080724_146.tml.
07/08/2017 05:29:36 PM: Document dataCleaned/data_20170129080724_146.tml: parsing...
07/08/2017 05:29:36 PM: Document dataCleaned/data_20170129080724_146.tml: parsed.
07/08/2017 05:29:36 PM: Attributes: extracting...
07/08/2017 05:29:40 PM: Attributes: extracted.
07/08/2017 05:29:40 PM: Identification: applying ML models.
Terminated
07/13/2017 04:48:37 PM: english model: loaded.
07/13/2017 04:48:37 PM: [903/12000] Doc data_20170129080646_460.tml.
07/13/2017 04:48:37 PM: Document dataCleaned/data_20170129080646_460.tml: parsing...
07/13/2017 04:48:49 PM: Document dataCleaned/data_20170129080646_460.tml skipped: TypeError.
07/13/2017 04:48:49 PM: [903/12000] Doc data_20170129080646_460.tml annotated.
07/13/2017 04:48:49 PM: [1134/12000] Doc data_20170129080659_218.tml.
07/13/2017 04:48:49 PM: Document dataCleaned/data_20170129080659_218.tml: parsing...
07/13/2017 04:49:02 PM: Document dataCleaned/data_20170129080659_218.tml skipped: TypeError.
07/13/2017 04:49:02 PM: [1134/12000] Doc data_20170129080659_218.tml annotated.
07/13/2017 04:49:02 PM: [1137/12000] Doc data_20170129080659_220.tml.
07/13/2017 04:49:02 PM: Document dataCleaned/data_20170129080659_220.tml: parsing...
07/13/2017 04:49:14 PM: Document dataCleaned/data_20170129080659_220.tml skipped: TypeError.
07/13/2017 04:49:14 PM: [1137/12000] Doc data_20170129080659_220.tml annotated.
07/13/2017 04:49:14 PM: [1257/12000] Doc data_20170129080659_329.tml.
07/13/2017 04:49:14 PM: Document dataCleaned/data_20170129080659_329.tml: parsing...
07/13/2017 04:49:26 PM: Document dataCleaned/data_20170129080659_329.tml skipped: TypeError.
07/13/2017 04:49:26 PM: [1257/12000] Doc data_20170129080659_329.tml annotated.
07/13/2017 04:49:26 PM: [1277/12000] Doc data_20170129080659_347.tml.
07/13/2017 04:49:26 PM: Document dataCleaned/data_20170129080659_347.tml: parsing...
07/13/2017 04:49:38 PM: Document dataCleaned/data_20170129080659_347.tml skipped: TypeError.
07/13/2017 04:49:38 PM: [1277/12000] Doc data_20170129080659_347.tml annotated.
07/13/2017 04:49:38 PM: [1611/12000] Doc data_20170129080712_198.tml.
07/13/2017 04:49:38 PM: Document dataCleaned/data_20170129080712_198.tml: parsing...
07/13/2017 04:49:50 PM: Document dataCleaned/data_20170129080712_198.tml skipped: TypeError.
07/13/2017 04:49:50 PM: [1611/12000] Doc data_20170129080712_198.tml annotated.
07/13/2017 04:49:50 PM: [1640/12000] Doc data_20170129080712_223.tml.
07/13/2017 04:49:50 PM: Document dataCleaned/data_20170129080712_223.tml: parsing...
07/13/2017 04:50:03 PM: Document dataCleaned/data_20170129080712_223.tml skipped: TypeError.
07/13/2017 04:50:03 PM: [1640/12000] Doc data_20170129080712_223.tml annotated.
07/13/2017 04:50:03 PM: [1923/12000] Doc data_20170129080712_479.tml.
07/13/2017 04:50:03 PM: Document dataCleaned/data_20170129080712_479.tml: parsing...
07/13/2017 04:50:15 PM: Document dataCleaned/data_20170129080712_479.tml skipped: TypeError.
07/13/2017 04:50:15 PM: [1923/12000] Doc data_20170129080712_479.tml annotated.
07/13/2017 04:50:15 PM: [3067/12000] Doc data_20170129080749_158.tml.
07/13/2017 04:50:15 PM: Document dataCleaned/data_20170129080749_158.tml: parsing...
07/13/2017 04:50:27 PM: Document dataCleaned/data_20170129080749_158.tml skipped: TypeError.
07/13/2017 04:50:27 PM: [3067/12000] Doc data_20170129080749_158.tml annotated.
07/13/2017 04:50:27 PM: [4606/12000] Doc data_20170129080828_193.tml.
07/13/2017 04:50:27 PM: Document dataCleaned/data_20170129080828_193.tml: parsing...
07/13/2017 04:50:39 PM: Document dataCleaned/data_20170129080828_193.tml skipped: TypeError.
07/13/2017 04:50:39 PM: [4606/12000] Doc data_20170129080828_193.tml annotated.
07/13/2017 04:50:39 PM: [5142/12000] Doc data_20170129080843_225.tml.
07/13/2017 04:50:39 PM: Document dataCleaned/data_20170129080843_225.tml: parsing...
07/13/2017 04:50:51 PM: Document dataCleaned/data_20170129080843_225.tml skipped: TypeError.
07/13/2017 04:50:51 PM: [5142/12000] Doc data_20170129080843_225.tml annotated.
07/13/2017 04:50:51 PM: [7487/12000] Doc data_20170129080934_87.tml.
07/13/2017 04:50:51 PM: Document dataCleaned/data_20170129080934_87.tml: parsing...
07/13/2017 04:51:04 PM: Document dataCleaned/data_20170129080934_87.tml skipped: TypeError.
07/13/2017 04:51:04 PM: [7487/12000] Doc data_20170129080934_87.tml annotated.
07/13/2017 04:51:04 PM: [7492/12000] Doc data_20170129080934_91.tml.
07/13/2017 04:51:04 PM: Document dataCleaned/data_20170129080934_91.tml: parsing...
07/13/2017 04:51:16 PM: Document dataCleaned/data_20170129080934_91.tml skipped: TypeError.
07/13/2017 04:51:16 PM: [7492/12000] Doc data_20170129080934_91.tml annotated.
07/13/2017 04:51:16 PM: [7528/12000] Doc data_20170129080946_122.tml.
07/13/2017 04:51:16 PM: Document dataCleaned/data_20170129080946_122.tml: parsing...
07/13/2017 04:51:46 PM: Document dataCleaned/data_20170129080946_122.tml: parsed.
07/13/2017 04:51:46 PM: Attributes: extracting...
07/13/2017 04:51:47 PM: Attributes: extracted.
07/13/2017 04:51:47 PM: Identification: applying ML models.
07/13/2017 04:51:49 PM: Identification: done.
07/13/2017 04:51:49 PM: Normalisation: applying ML models.
07/13/2017 04:51:49 PM: Normalisation: done.
07/13/2017 04:51:49 PM: Temporal relation extraction: applying ML models.
07/13/2017 04:51:50 PM: Temporal relation extraction: done.
07/13/2017 04:51:50 PM: [7528/12000] Doc data_20170129080946_122.tml annotated.
07/13/2017 04:51:50 PM: [7531/12000] Doc data_20170129080946_125.tml.
07/13/2017 04:51:50 PM: Document dataCleaned/data_20170129080946_125.tml: parsing...
07/13/2017 04:52:24 PM: Document dataCleaned/data_20170129080946_125.tml: parsed.
07/13/2017 04:52:24 PM: Attributes: extracting...
07/13/2017 04:52:26 PM: Attributes: extracted.
07/13/2017 04:52:26 PM: Identification: applying ML models.
07/13/2017 04:52:26 PM: Identification: done.
07/13/2017 04:52:26 PM: Normalisation: applying ML models.
07/13/2017 04:52:27 PM: Normalisation: done.
07/13/2017 04:52:27 PM: Temporal relation extraction: applying ML models.
07/13/2017 04:52:27 PM: Temporal relation extraction: done.
07/13/2017 04:52:27 PM: [7531/12000] Doc data_20170129080946_125.tml annotated.
07/13/2017 04:52:27 PM: [7610/12000] Doc data_20170129080946_197.tml.
07/13/2017 04:52:27 PM: Document dataCleaned/data_20170129080946_197.tml: parsing...
07/13/2017 04:52:43 PM: Document dataCleaned/data_20170129080946_197.tml: parsed.
07/13/2017 04:52:43 PM: Attributes: extracting...
07/13/2017 04:52:43 PM: Attributes: extracted.
07/13/2017 04:52:43 PM: Identification: applying ML models.
07/13/2017 04:52:43 PM: Identification: done.
07/13/2017 04:52:43 PM: Normalisation: applying ML models.
07/13/2017 04:52:44 PM: Normalisation: done.
07/13/2017 04:52:44 PM: Temporal relation extraction: applying ML models.
07/13/2017 04:52:44 PM: Temporal relation extraction: done.
07/13/2017 04:52:44 PM: [7610/12000] Doc data_20170129080946_197.tml annotated.
07/13/2017 04:52:44 PM: [7623/12000] Doc data_20170129080946_208.tml.
07/13/2017 04:52:44 PM: Document dataCleaned/data_20170129080946_208.tml: parsing...
07/13/2017 04:52:56 PM: Document dataCleaned/data_20170129080946_208.tml: parsed.
07/13/2017 04:52:56 PM: Attributes: extracting...
07/13/2017 04:52:57 PM: Attributes: extracted.
07/13/2017 04:52:57 PM: Identification: applying ML models.
07/13/2017 04:52:57 PM: Identification: done.
07/13/2017 04:52:57 PM: Normalisation: applying ML models.
07/13/2017 04:52:57 PM: Normalisation: done.
07/13/2017 04:52:57 PM: Temporal relation extraction: applying ML models.
07/13/2017 04:52:57 PM: Temporal relation extraction: done.
07/13/2017 04:52:57 PM: [7623/12000] Doc data_20170129080946_208.tml annotated.
07/13/2017 04:52:57 PM: [7626/12000] Doc data_20170129080946_210.tml.
07/13/2017 04:52:57 PM: Document dataCleaned/data_20170129080946_210.tml: parsing...
07/13/2017 04:52:57 PM: Document dataCleaned/data_20170129080946_210.tml: parsed.
07/13/2017 04:52:57 PM: Attributes: extracting...
07/13/2017 04:52:57 PM: Attributes: extracted.
07/13/2017 04:52:57 PM: Identification: applying ML models.
07/13/2017 04:52:57 PM: Identification: done.
07/13/2017 04:52:57 PM: Normalisation: applying ML models.
07/13/2017 04:52:58 PM: Normalisation: done.
07/13/2017 04:52:58 PM: Temporal relation extraction: applying ML models.
07/13/2017 04:52:58 PM: Temporal relation extraction: done.
07/13/2017 04:52:58 PM: [7626/12000] Doc data_20170129080946_210.tml annotated.
07/13/2017 04:52:58 PM: [7700/12000] Doc data_20170129080946_278.tml.
07/13/2017 04:52:58 PM: Document dataCleaned/data_20170129080946_278.tml: parsing...
07/13/2017 04:53:31 PM: Document dataCleaned/data_20170129080946_278.tml: parsed.
07/13/2017 04:53:31 PM: Attributes: extracting...
07/13/2017 04:53:31 PM: Attributes: extracted.
07/13/2017 04:53:31 PM: Identification: applying ML models.
07/13/2017 04:53:32 PM: Identification: done.
07/13/2017 04:53:32 PM: Normalisation: applying ML models.
07/13/2017 04:53:32 PM: Normalisation: done.
07/13/2017 04:53:32 PM: Temporal relation extraction: applying ML models.
07/13/2017 04:53:33 PM: Temporal relation extraction: done.
07/13/2017 04:53:33 PM: [7700/12000] Doc data_20170129080946_278.tml annotated.
07/13/2017 04:53:33 PM: [7760/12000] Doc data_20170129080946_331.tml.
07/13/2017 04:53:33 PM: Document dataCleaned/data_20170129080946_331.tml: parsing...
07/13/2017 04:53:54 PM: Document dataCleaned/data_20170129080946_331.tml: parsed.
07/13/2017 04:53:54 PM: Attributes: extracting...
07/13/2017 04:53:55 PM: Attributes: extracted.
07/13/2017 04:53:55 PM: Identification: applying ML models.
07/13/2017 04:53:55 PM: Identification: done.
07/13/2017 04:53:55 PM: Normalisation: applying ML models.
07/13/2017 04:53:56 PM: Normalisation: done.
07/13/2017 04:53:56 PM: Temporal relation extraction: applying ML models.
07/13/2017 04:53:56 PM: Temporal relation extraction: done.
07/13/2017 04:53:56 PM: [7760/12000] Doc data_20170129080946_331.tml annotated.
07/13/2017 04:53:56 PM: [7763/12000] Doc data_20170129080946_334.tml.
07/13/2017 04:53:56 PM: Document dataCleaned/data_20170129080946_334.tml: parsing...
07/13/2017 04:54:15 PM: Document dataCleaned/data_20170129080946_334.tml: parsed.
07/13/2017 04:54:15 PM: Attributes: extracting...
07/13/2017 04:54:16 PM: Attributes: extracted.
07/13/2017 04:54:16 PM: Identification: applying ML models.
07/13/2017 04:54:16 PM: Identification: done.
07/13/2017 04:54:16 PM: Normalisation: applying ML models.
07/13/2017 04:54:17 PM: Normalisation: done.
07/13/2017 04:54:17 PM: Temporal relation extraction: applying ML models.
07/13/2017 04:54:17 PM: Temporal relation extraction: done.
07/13/2017 04:54:17 PM: [7763/12000] Doc data_20170129080946_334.tml annotated.
07/13/2017 04:54:17 PM: [7905/12000] Doc data_20170129080946_462.tml.
07/13/2017 04:54:17 PM: Document dataCleaned/data_20170129080946_462.tml: parsing...
07/13/2017 04:54:40 PM: Document dataCleaned/data_20170129080946_462.tml: parsed.
07/13/2017 04:54:40 PM: Attributes: extracting...
07/13/2017 04:54:40 PM: Attributes: extracted.
07/13/2017 04:54:40 PM: Identification: applying ML models.
07/13/2017 04:54:41 PM: Identification: done.
07/13/2017 04:54:41 PM: Normalisation: applying ML models.
07/13/2017 04:54:41 PM: Normalisation: done.
07/13/2017 04:54:41 PM: Temporal relation extraction: applying ML models.
07/13/2017 04:54:43 PM: Temporal relation extraction: done.
07/13/2017 04:54:43 PM: [7905/12000] Doc data_20170129080946_462.tml annotated.
07/13/2017 04:54:43 PM: [8009/12000] Doc data_20170129080959_105.tml.
07/13/2017 04:54:43 PM: Document dataCleaned/data_20170129080959_105.tml: parsing...
07/13/2017 04:54:56 PM: Document dataCleaned/data_20170129080959_105.tml: parsed.
07/13/2017 04:54:56 PM: Attributes: extracting...
07/13/2017 04:54:56 PM: Attributes: extracted.
07/13/2017 04:54:56 PM: Identification: applying ML models.
07/13/2017 04:54:57 PM: Identification: done.
07/13/2017 04:54:57 PM: Normalisation: applying ML models.
07/13/2017 04:54:57 PM: Normalisation: done.
07/13/2017 04:54:57 PM: Temporal relation extraction: applying ML models.
07/13/2017 04:54:57 PM: Temporal relation extraction: done.
07/13/2017 04:54:57 PM: [8009/12000] Doc data_20170129080959_105.tml annotated.
07/13/2017 04:54:57 PM: [8197/12000] Doc data_20170129080959_275.tml.
07/13/2017 04:54:57 PM: Document dataCleaned/data_20170129080959_275.tml: parsing...
07/13/2017 04:55:14 PM: Document dataCleaned/data_20170129080959_275.tml: parsed.
07/13/2017 04:55:14 PM: Attributes: extracting...
07/13/2017 04:55:14 PM: Attributes: extracted.
07/13/2017 04:55:14 PM: Identification: applying ML models.
07/13/2017 04:55:14 PM: Identification: done.
07/13/2017 04:55:14 PM: Normalisation: applying ML models.
07/13/2017 04:55:15 PM: Normalisation: done.
07/13/2017 04:55:15 PM: Temporal relation extraction: applying ML models.
07/13/2017 04:55:15 PM: Temporal relation extraction: done.
07/13/2017 04:55:15 PM: [8197/12000] Doc data_20170129080959_275.tml annotated.
07/13/2017 04:55:15 PM: [8306/12000] Doc data_20170129080959_373.tml.
07/13/2017 04:55:15 PM: Document dataCleaned/data_20170129080959_373.tml: parsing...
07/13/2017 04:55:28 PM: Document dataCleaned/data_20170129080959_373.tml: parsed.
07/13/2017 04:55:28 PM: Attributes: extracting...
07/13/2017 04:55:28 PM: Attributes: extracted.
07/13/2017 04:55:28 PM: Identification: applying ML models.
07/13/2017 04:55:29 PM: Identification: done.
07/13/2017 04:55:29 PM: Normalisation: applying ML models.
07/13/2017 04:55:29 PM: Normalisation: done.
07/13/2017 04:55:29 PM: Temporal relation extraction: applying ML models.
07/13/2017 04:55:29 PM: Temporal relation extraction: done.
07/13/2017 04:55:29 PM: [8306/12000] Doc data_20170129080959_373.tml annotated.
07/13/2017 04:55:29 PM: [8353/12000] Doc data_20170129080959_415.tml.
07/13/2017 04:55:29 PM: Document dataCleaned/data_20170129080959_415.tml: parsing...
07/13/2017 04:55:54 PM: Document dataCleaned/data_20170129080959_415.tml: parsed.
07/13/2017 04:55:54 PM: Attributes: extracting...
07/13/2017 04:55:55 PM: Attributes: extracted.
07/13/2017 04:55:55 PM: Identification: applying ML models.
07/13/2017 04:55:55 PM: Identification: done.
07/13/2017 04:55:55 PM: Normalisation: applying ML models.
07/13/2017 04:55:56 PM: Normalisation: done.
07/13/2017 04:55:56 PM: Temporal relation extraction: applying ML models.
07/13/2017 04:55:58 PM: Temporal relation extraction: done.
07/13/2017 04:55:58 PM: [8353/12000] Doc data_20170129080959_415.tml annotated.
07/13/2017 04:55:58 PM: [8413/12000] Doc data_20170129080959_47.tml.
07/13/2017 04:55:58 PM: Document dataCleaned/data_20170129080959_47.tml: parsing...
07/13/2017 04:56:13 PM: Document dataCleaned/data_20170129080959_47.tml: parsed.
07/13/2017 04:56:13 PM: Attributes: extracting...
07/13/2017 04:56:14 PM: Attributes: extracted.
07/13/2017 04:56:14 PM: Identification: applying ML models.
07/13/2017 04:56:14 PM: Identification: done.
07/13/2017 04:56:14 PM: Normalisation: applying ML models.
07/13/2017 04:56:15 PM: Normalisation: done.
07/13/2017 04:56:15 PM: Temporal relation extraction: applying ML models.
07/13/2017 04:56:15 PM: Temporal relation extraction: done.
07/13/2017 04:56:15 PM: [8413/12000] Doc data_20170129080959_47.tml annotated.
07/13/2017 04:56:15 PM: [8442/12000] Doc data_20170129080959_496.tml.
07/13/2017 04:56:15 PM: Document dataCleaned/data_20170129080959_496.tml: parsing...
07/13/2017 04:56:28 PM: Document dataCleaned/data_20170129080959_496.tml skipped: TypeError.
07/13/2017 04:56:28 PM: [8442/12000] Doc data_20170129080959_496.tml annotated.
07/13/2017 04:56:28 PM: [8617/12000] Doc data_20170129081011_202.tml.
07/13/2017 04:56:28 PM: Document dataCleaned/data_20170129081011_202.tml: parsing...
07/13/2017 04:57:00 PM: Document dataCleaned/data_20170129081011_202.tml: parsed.
07/13/2017 04:57:00 PM: Attributes: extracting...
07/13/2017 04:57:01 PM: Attributes: extracted.
07/13/2017 04:57:01 PM: Identification: applying ML models.
07/13/2017 04:57:02 PM: Identification: done.
07/13/2017 04:57:02 PM: Normalisation: applying ML models.
07/13/2017 04:57:02 PM: Normalisation: done.
07/13/2017 04:57:02 PM: Temporal relation extraction: applying ML models.
07/13/2017 04:57:03 PM: Temporal relation extraction: done.
07/13/2017 04:57:03 PM: [8617/12000] Doc data_20170129081011_202.tml annotated.
07/13/2017 04:57:03 PM: [8739/12000] Doc data_20170129081011_312.tml.
07/13/2017 04:57:03 PM: Document dataCleaned/data_20170129081011_312.tml: parsing...
07/13/2017 04:57:15 PM: Document dataCleaned/data_20170129081011_312.tml: parsed.
07/13/2017 04:57:15 PM: Attributes: extracting...
07/13/2017 04:57:16 PM: Attributes: extracted.
07/13/2017 04:57:16 PM: Identification: applying ML models.
07/13/2017 04:57:16 PM: Identification: done.
07/13/2017 04:57:16 PM: Normalisation: applying ML models.
07/13/2017 04:57:16 PM: Normalisation: done.
07/13/2017 04:57:16 PM: Temporal relation extraction: applying ML models.
07/13/2017 04:57:16 PM: Temporal relation extraction: done.
07/13/2017 04:57:16 PM: [8739/12000] Doc data_20170129081011_312.tml annotated.
07/13/2017 04:57:16 PM: [8741/12000] Doc data_20170129081011_314.tml.
07/13/2017 04:57:16 PM: Document dataCleaned/data_20170129081011_314.tml: parsing...
07/13/2017 04:57:16 PM: Document dataCleaned/data_20170129081011_314.tml: parsed.
07/13/2017 04:57:16 PM: Attributes: extracting...
07/13/2017 04:57:16 PM: Attributes: extracted.
07/13/2017 04:57:16 PM: Identification: applying ML models.
07/13/2017 04:57:16 PM: Identification: done.
07/13/2017 04:57:16 PM: Normalisation: applying ML models.
07/13/2017 04:57:17 PM: Normalisation: done.
07/13/2017 04:57:17 PM: Temporal relation extraction: applying ML models.
07/13/2017 04:57:17 PM: Temporal relation extraction: done.
07/13/2017 04:57:17 PM: [8741/12000] Doc data_20170129081011_314.tml annotated.
07/13/2017 04:57:17 PM: [8744/12000] Doc data_20170129081011_317.tml.
07/13/2017 04:57:17 PM: Document dataCleaned/data_20170129081011_317.tml: parsing...
07/13/2017 04:57:32 PM: Document dataCleaned/data_20170129081011_317.tml: parsed.
07/13/2017 04:57:32 PM: Attributes: extracting...
07/13/2017 04:57:33 PM: Attributes: extracted.
07/13/2017 04:57:33 PM: Identification: applying ML models.
07/13/2017 04:57:33 PM: Identification: done.
07/13/2017 04:57:33 PM: Normalisation: applying ML models.
07/13/2017 04:57:33 PM: Normalisation: done.
07/13/2017 04:57:33 PM: Temporal relation extraction: applying ML models.
07/13/2017 04:57:33 PM: Temporal relation extraction: done.
07/13/2017 04:57:33 PM: [8744/12000] Doc data_20170129081011_317.tml annotated.
07/13/2017 04:57:33 PM: [8749/12000] Doc data_20170129081011_321.tml.
07/13/2017 04:57:33 PM: Document dataCleaned/data_20170129081011_321.tml: parsing...
07/13/2017 04:57:51 PM: Document dataCleaned/data_20170129081011_321.tml: parsed.
07/13/2017 04:57:51 PM: Attributes: extracting...
07/13/2017 04:57:51 PM: Attributes: extracted.
07/13/2017 04:57:51 PM: Identification: applying ML models.
07/13/2017 04:57:51 PM: Identification: done.
07/13/2017 04:57:51 PM: Normalisation: applying ML models.
07/13/2017 04:57:52 PM: Normalisation: done.
07/13/2017 04:57:52 PM: Temporal relation extraction: applying ML models.
07/13/2017 04:57:52 PM: Temporal relation extraction: done.
07/13/2017 04:57:52 PM: [8749/12000] Doc data_20170129081011_321.tml annotated.
07/13/2017 04:57:52 PM: [8897/12000] Doc data_20170129081011_455.tml.
07/13/2017 04:57:52 PM: Document dataCleaned/data_20170129081011_455.tml: parsing...
07/13/2017 04:58:05 PM: Document dataCleaned/data_20170129081011_455.tml: parsed.
07/13/2017 04:58:05 PM: Attributes: extracting...
07/13/2017 04:58:05 PM: Attributes: extracted.
07/13/2017 04:58:05 PM: Identification: applying ML models.
07/13/2017 04:58:05 PM: Identification: done.
07/13/2017 04:58:05 PM: Normalisation: applying ML models.
07/13/2017 04:58:05 PM: Normalisation: done.
07/13/2017 04:58:05 PM: Temporal relation extraction: applying ML models.
07/13/2017 04:58:05 PM: Temporal relation extraction: done.
07/13/2017 04:58:05 PM: [8897/12000] Doc data_20170129081011_455.tml annotated.
07/13/2017 04:58:05 PM: [8942/12000] Doc data_20170129081011_496.tml.
07/13/2017 04:58:05 PM: Document dataCleaned/data_20170129081011_496.tml: parsing...
07/13/2017 04:58:40 PM: Document dataCleaned/data_20170129081011_496.tml: parsed.
07/13/2017 04:58:40 PM: Attributes: extracting...
07/13/2017 04:58:41 PM: Attributes: extracted.
07/13/2017 04:58:41 PM: Identification: applying ML models.
07/13/2017 04:58:43 PM: Identification: done.
07/13/2017 04:58:43 PM: Normalisation: applying ML models.
07/13/2017 04:58:44 PM: Normalisation: done.
07/13/2017 04:58:44 PM: Temporal relation extraction: applying ML models.
07/13/2017 04:58:44 PM: Temporal relation extraction: done.
07/13/2017 04:58:44 PM: [8942/12000] Doc data_20170129081011_496.tml annotated.
07/13/2017 04:58:44 PM: [8997/12000] Doc data_20170129081011_96.tml.
07/13/2017 04:58:44 PM: Document dataCleaned/data_20170129081011_96.tml: parsing...
07/13/2017 04:59:18 PM: Document dataCleaned/data_20170129081011_96.tml: parsed.
07/13/2017 04:59:18 PM: Attributes: extracting...
07/13/2017 04:59:20 PM: Attributes: extracted.
07/13/2017 04:59:20 PM: Identification: applying ML models.
07/13/2017 04:59:22 PM: Identification: done.
07/13/2017 04:59:22 PM: Normalisation: applying ML models.
07/13/2017 04:59:23 PM: Normalisation: done.
07/13/2017 04:59:23 PM: Temporal relation extraction: applying ML models.
07/13/2017 04:59:23 PM: Temporal relation extraction: done.
07/13/2017 04:59:23 PM: [8997/12000] Doc data_20170129081011_96.tml annotated.
07/13/2017 04:59:23 PM: [9070/12000] Doc data_20170129081023_160.tml.
07/13/2017 04:59:23 PM: Document dataCleaned/data_20170129081023_160.tml: parsing...
07/13/2017 04:59:24 PM: Document dataCleaned/data_20170129081023_160.tml: parsed.
07/13/2017 04:59:24 PM: Attributes: extracting...
07/13/2017 04:59:24 PM: Attributes: extracted.
07/13/2017 04:59:24 PM: Identification: applying ML models.
07/13/2017 04:59:25 PM: Identification: done.
07/13/2017 04:59:25 PM: Normalisation: applying ML models.
07/13/2017 04:59:25 PM: Normalisation: done.
07/13/2017 04:59:25 PM: Temporal relation extraction: applying ML models.
07/13/2017 04:59:28 PM: Temporal relation extraction: done.
07/13/2017 04:59:28 PM: [9070/12000] Doc data_20170129081023_160.tml annotated.
07/13/2017 04:59:28 PM: [9112/12000] Doc data_20170129081023_199.tml.
07/13/2017 04:59:28 PM: Document dataCleaned/data_20170129081023_199.tml: parsing...
07/13/2017 05:00:00 PM: Document dataCleaned/data_20170129081023_199.tml: parsed.
07/13/2017 05:00:00 PM: Attributes: extracting...
07/13/2017 05:00:01 PM: Attributes: extracted.
07/13/2017 05:00:01 PM: Identification: applying ML models.
07/13/2017 05:00:03 PM: Identification: done.
07/13/2017 05:00:03 PM: Normalisation: applying ML models.
07/13/2017 05:00:03 PM: Normalisation: done.
07/13/2017 05:00:03 PM: Temporal relation extraction: applying ML models.
07/13/2017 05:00:03 PM: Temporal relation extraction: done.
07/13/2017 05:00:03 PM: [9112/12000] Doc data_20170129081023_199.tml annotated.
07/13/2017 05:00:03 PM: [9114/12000] Doc data_20170129081023_20.tml.
07/13/2017 05:00:03 PM: Document dataCleaned/data_20170129081023_20.tml: parsing...
07/13/2017 05:00:03 PM: Document dataCleaned/data_20170129081023_20.tml: parsed.
07/13/2017 05:00:03 PM: Attributes: extracting...
07/13/2017 05:00:04 PM: Attributes: extracted.
07/13/2017 05:00:04 PM: Identification: applying ML models.
07/13/2017 05:00:05 PM: Identification: done.
07/13/2017 05:00:05 PM: Normalisation: applying ML models.
07/13/2017 05:00:05 PM: Normalisation: done.
07/13/2017 05:00:05 PM: Temporal relation extraction: applying ML models.
07/13/2017 05:00:07 PM: Temporal relation extraction: done.
07/13/2017 05:00:07 PM: [9114/12000] Doc data_20170129081023_20.tml annotated.
07/13/2017 05:00:07 PM: [9174/12000] Doc data_20170129081023_254.tml.
07/13/2017 05:00:07 PM: Document dataCleaned/data_20170129081023_254.tml: parsing...
07/13/2017 05:00:20 PM: Document dataCleaned/data_20170129081023_254.tml: parsed.
07/13/2017 05:00:20 PM: Attributes: extracting...
07/13/2017 05:00:20 PM: Attributes: extracted.
07/13/2017 05:00:20 PM: Identification: applying ML models.
07/13/2017 05:00:20 PM: Identification: done.
07/13/2017 05:00:20 PM: Normalisation: applying ML models.
07/13/2017 05:00:20 PM: Normalisation: done.
07/13/2017 05:00:20 PM: Temporal relation extraction: applying ML models.
07/13/2017 05:00:20 PM: Temporal relation extraction: done.
07/13/2017 05:00:21 PM: [9174/12000] Doc data_20170129081023_254.tml annotated.
07/13/2017 05:00:21 PM: [9302/12000] Doc data_20170129081023_37.tml.
07/13/2017 05:00:21 PM: Document dataCleaned/data_20170129081023_37.tml: parsing...
07/13/2017 05:00:21 PM: Document dataCleaned/data_20170129081023_37.tml: parsed.
07/13/2017 05:00:21 PM: Attributes: extracting...
07/13/2017 05:00:21 PM: Attributes: extracted.
07/13/2017 05:00:21 PM: Identification: applying ML models.
07/13/2017 05:00:21 PM: Identification: done.
07/13/2017 05:00:21 PM: Normalisation: applying ML models.
07/13/2017 05:00:21 PM: Normalisation: done.
07/13/2017 05:00:21 PM: Temporal relation extraction: applying ML models.
07/13/2017 05:00:21 PM: Temporal relation extraction: done.
07/13/2017 05:00:21 PM: [9302/12000] Doc data_20170129081023_37.tml annotated.
07/13/2017 05:00:21 PM: [9317/12000] Doc data_20170129081023_383.tml.
07/13/2017 05:00:21 PM: Document dataCleaned/data_20170129081023_383.tml: parsing...
07/13/2017 05:00:34 PM: Document dataCleaned/data_20170129081023_383.tml skipped: TypeError.
07/13/2017 05:00:34 PM: [9317/12000] Doc data_20170129081023_383.tml annotated.
07/13/2017 05:00:34 PM: [9418/12000] Doc data_20170129081023_474.tml.
07/13/2017 05:00:34 PM: Document dataCleaned/data_20170129081023_474.tml: parsing...
07/13/2017 05:00:47 PM: Document dataCleaned/data_20170129081023_474.tml: parsed.
07/13/2017 05:00:47 PM: Attributes: extracting...
07/13/2017 05:00:47 PM: Attributes: extracted.
07/13/2017 05:00:47 PM: Identification: applying ML models.
07/13/2017 05:00:48 PM: Identification: done.
07/13/2017 05:00:48 PM: Normalisation: applying ML models.
07/13/2017 05:00:48 PM: Normalisation: done.
07/13/2017 05:00:48 PM: Temporal relation extraction: applying ML models.
07/13/2017 05:00:48 PM: Temporal relation extraction: done.
07/13/2017 05:00:48 PM: [9418/12000] Doc data_20170129081023_474.tml annotated.
07/13/2017 05:00:48 PM: [9432/12000] Doc data_20170129081023_487.tml.
07/13/2017 05:00:48 PM: Document dataCleaned/data_20170129081023_487.tml: parsing...
07/13/2017 05:01:07 PM: Document dataCleaned/data_20170129081023_487.tml: parsed.
07/13/2017 05:01:07 PM: Attributes: extracting...
07/13/2017 05:01:07 PM: Attributes: extracted.
07/13/2017 05:01:07 PM: Identification: applying ML models.
07/13/2017 05:01:08 PM: Identification: done.
07/13/2017 05:01:08 PM: Normalisation: applying ML models.
07/13/2017 05:01:08 PM: Normalisation: done.
07/13/2017 05:01:08 PM: Temporal relation extraction: applying ML models.
07/13/2017 05:01:10 PM: Temporal relation extraction: done.
07/13/2017 05:01:10 PM: [9432/12000] Doc data_20170129081023_487.tml annotated.
07/13/2017 05:01:10 PM: [9444/12000] Doc data_20170129081023_498.tml.
07/13/2017 05:01:10 PM: Document dataCleaned/data_20170129081023_498.tml: parsing...
07/13/2017 05:01:23 PM: Document dataCleaned/data_20170129081023_498.tml: parsed.
07/13/2017 05:01:23 PM: Attributes: extracting...
07/13/2017 05:01:23 PM: Attributes: extracted.
07/13/2017 05:01:23 PM: Identification: applying ML models.
07/13/2017 05:01:23 PM: Identification: done.
07/13/2017 05:01:23 PM: Normalisation: applying ML models.
07/13/2017 05:01:23 PM: Normalisation: done.
07/13/2017 05:01:23 PM: Temporal relation extraction: applying ML models.
07/13/2017 05:01:23 PM: Temporal relation extraction: done.
07/13/2017 05:01:23 PM: [9444/12000] Doc data_20170129081023_498.tml annotated.
07/13/2017 05:01:23 PM: [9452/12000] Doc data_20170129081023_55.tml.
07/13/2017 05:01:23 PM: Document dataCleaned/data_20170129081023_55.tml: parsing...
07/13/2017 05:01:42 PM: Document dataCleaned/data_20170129081023_55.tml: parsed.
07/13/2017 05:01:42 PM: Attributes: extracting...
07/13/2017 05:01:42 PM: Attributes: extracted.
07/13/2017 05:01:42 PM: Identification: applying ML models.
07/13/2017 05:01:43 PM: Identification: done.
07/13/2017 05:01:43 PM: Normalisation: applying ML models.
07/13/2017 05:01:43 PM: Normalisation: done.
07/13/2017 05:01:43 PM: Temporal relation extraction: applying ML models.
07/13/2017 05:01:44 PM: Temporal relation extraction: done.
07/13/2017 05:01:44 PM: [9452/12000] Doc data_20170129081023_55.tml annotated.
07/13/2017 05:01:44 PM: [9503/12000] Doc data_20170129081037_10.tml.
07/13/2017 05:01:44 PM: Document dataCleaned/data_20170129081037_10.tml: parsing...
07/13/2017 05:01:56 PM: Document dataCleaned/data_20170129081037_10.tml: parsed.
07/13/2017 05:01:56 PM: Attributes: extracting...
07/13/2017 05:01:56 PM: Attributes: extracted.
07/13/2017 05:01:56 PM: Identification: applying ML models.
07/13/2017 05:01:57 PM: Identification: done.
07/13/2017 05:01:57 PM: Normalisation: applying ML models.
07/13/2017 05:01:57 PM: Normalisation: done.
07/13/2017 05:01:57 PM: Temporal relation extraction: applying ML models.
07/13/2017 05:01:57 PM: Temporal relation extraction: done.
07/13/2017 05:01:57 PM: [9503/12000] Doc data_20170129081037_10.tml annotated.
07/13/2017 05:01:57 PM: [9562/12000] Doc data_20170129081037_153.tml.
07/13/2017 05:01:57 PM: Document dataCleaned/data_20170129081037_153.tml: parsing...
07/13/2017 05:02:09 PM: Document dataCleaned/data_20170129081037_153.tml skipped: TypeError.
07/13/2017 05:02:09 PM: [9562/12000] Doc data_20170129081037_153.tml annotated.
07/13/2017 05:02:09 PM: [9598/12000] Doc data_20170129081037_186.tml.
07/13/2017 05:02:09 PM: Document dataCleaned/data_20170129081037_186.tml: parsing...
07/13/2017 05:02:22 PM: Document dataCleaned/data_20170129081037_186.tml: parsed.
07/13/2017 05:02:22 PM: Attributes: extracting...
07/13/2017 05:02:23 PM: Attributes: extracted.
07/13/2017 05:02:23 PM: Identification: applying ML models.
07/13/2017 05:02:23 PM: Identification: done.
07/13/2017 05:02:23 PM: Normalisation: applying ML models.
07/13/2017 05:02:23 PM: Normalisation: done.
07/13/2017 05:02:23 PM: Temporal relation extraction: applying ML models.
07/13/2017 05:02:23 PM: Temporal relation extraction: done.
07/13/2017 05:02:23 PM: [9598/12000] Doc data_20170129081037_186.tml annotated.
07/13/2017 05:02:23 PM: [9657/12000] Doc data_20170129081037_239.tml.
07/13/2017 05:02:23 PM: Document dataCleaned/data_20170129081037_239.tml: parsing...
07/13/2017 05:02:58 PM: Document dataCleaned/data_20170129081037_239.tml: parsed.
07/13/2017 05:02:58 PM: Attributes: extracting...
07/13/2017 05:03:00 PM: Attributes: extracted.
07/13/2017 05:03:00 PM: Identification: applying ML models.
07/13/2017 05:03:03 PM: Identification: done.
07/13/2017 05:03:03 PM: Normalisation: applying ML models.
07/13/2017 05:03:04 PM: Normalisation: done.
07/13/2017 05:03:04 PM: Temporal relation extraction: applying ML models.
07/13/2017 05:03:10 PM: Temporal relation extraction: done.
07/13/2017 05:03:10 PM: [9657/12000] Doc data_20170129081037_239.tml annotated.
07/13/2017 05:03:10 PM: [9702/12000] Doc data_20170129081037_28.tml.
07/13/2017 05:03:10 PM: Document dataCleaned/data_20170129081037_28.tml: parsing...
07/13/2017 05:03:22 PM: Document dataCleaned/data_20170129081037_28.tml: parsed.
07/13/2017 05:03:22 PM: Attributes: extracting...
07/13/2017 05:03:23 PM: Attributes: extracted.
07/13/2017 05:03:23 PM: Identification: applying ML models.
07/13/2017 05:03:23 PM: Identification: done.
07/13/2017 05:03:23 PM: Normalisation: applying ML models.
07/13/2017 05:03:23 PM: Normalisation: done.
07/13/2017 05:03:23 PM: Temporal relation extraction: applying ML models.
07/13/2017 05:03:23 PM: Temporal relation extraction: done.
07/13/2017 05:03:23 PM: [9702/12000] Doc data_20170129081037_28.tml annotated.
07/13/2017 05:03:23 PM: [10086/12000] Doc data_20170129081050_175.tml.
07/13/2017 05:03:23 PM: Document dataCleaned/data_20170129081050_175.tml: parsing...
07/13/2017 05:03:35 PM: Document dataCleaned/data_20170129081050_175.tml skipped: TypeError.
07/13/2017 05:03:35 PM: [10086/12000] Doc data_20170129081050_175.tml annotated.
07/13/2017 05:03:35 PM: [10169/12000] Doc data_20170129081050_25.tml.
07/13/2017 05:03:35 PM: Document dataCleaned/data_20170129081050_25.tml: parsing...
07/13/2017 05:04:03 PM: Document dataCleaned/data_20170129081050_25.tml: parsed.
07/13/2017 05:04:03 PM: Attributes: extracting...
07/13/2017 05:04:04 PM: Attributes: extracted.
07/13/2017 05:04:04 PM: Identification: applying ML models.
07/13/2017 05:04:04 PM: Identification: done.
07/13/2017 05:04:04 PM: Normalisation: applying ML models.
07/13/2017 05:04:05 PM: Normalisation: done.
07/13/2017 05:04:05 PM: Temporal relation extraction: applying ML models.
07/13/2017 05:04:05 PM: Temporal relation extraction: done.
07/13/2017 05:04:05 PM: [10169/12000] Doc data_20170129081050_25.tml annotated.
07/13/2017 05:04:05 PM: [10360/12000] Doc data_20170129081050_421.tml.
07/13/2017 05:04:05 PM: Document dataCleaned/data_20170129081050_421.tml: parsing...
07/13/2017 05:04:20 PM: Document dataCleaned/data_20170129081050_421.tml: parsed.
07/13/2017 05:04:20 PM: Attributes: extracting...
07/13/2017 05:04:21 PM: Attributes: extracted.
07/13/2017 05:04:21 PM: Identification: applying ML models.
07/13/2017 05:04:21 PM: Identification: done.
07/13/2017 05:04:21 PM: Normalisation: applying ML models.
07/13/2017 05:04:21 PM: Normalisation: done.
07/13/2017 05:04:21 PM: Temporal relation extraction: applying ML models.
07/13/2017 05:04:22 PM: Temporal relation extraction: done.
07/13/2017 05:04:22 PM: [10360/12000] Doc data_20170129081050_421.tml annotated.
07/13/2017 05:04:22 PM: [10554/12000] Doc data_20170129081103_146.tml.
07/13/2017 05:04:22 PM: Document dataCleaned/data_20170129081103_146.tml: parsing...
07/13/2017 05:04:40 PM: Document dataCleaned/data_20170129081103_146.tml: parsed.
07/13/2017 05:04:40 PM: Attributes: extracting...
07/13/2017 05:04:40 PM: Attributes: extracted.
07/13/2017 05:04:40 PM: Identification: applying ML models.
07/13/2017 05:04:41 PM: Identification: done.
07/13/2017 05:04:41 PM: Normalisation: applying ML models.
07/13/2017 05:04:41 PM: Normalisation: done.
07/13/2017 05:04:41 PM: Temporal relation extraction: applying ML models.
07/13/2017 05:04:42 PM: Temporal relation extraction: done.
07/13/2017 05:04:42 PM: [10554/12000] Doc data_20170129081103_146.tml annotated.
07/13/2017 05:04:42 PM: [10574/12000] Doc data_20170129081103_164.tml.
07/13/2017 05:04:42 PM: Document dataCleaned/data_20170129081103_164.tml: parsing...
07/13/2017 05:04:42 PM: Document dataCleaned/data_20170129081103_164.tml: parsed.
07/13/2017 05:04:42 PM: Attributes: extracting...
07/13/2017 05:04:42 PM: Attributes: extracted.
07/13/2017 05:04:42 PM: Identification: applying ML models.
07/13/2017 05:04:43 PM: Identification: done.
07/13/2017 05:04:43 PM: Normalisation: applying ML models.
07/13/2017 05:04:43 PM: Normalisation: done.
07/13/2017 05:04:43 PM: Temporal relation extraction: applying ML models.
07/13/2017 05:04:46 PM: Temporal relation extraction: done.
07/13/2017 05:04:46 PM: [10574/12000] Doc data_20170129081103_164.tml annotated.
07/13/2017 05:04:46 PM: [10580/12000] Doc data_20170129081103_17.tml.
07/13/2017 05:04:46 PM: Document dataCleaned/data_20170129081103_17.tml: parsing...
07/13/2017 05:04:46 PM: Document dataCleaned/data_20170129081103_17.tml: parsed.
07/13/2017 05:04:46 PM: Attributes: extracting...
07/13/2017 05:04:46 PM: Attributes: extracted.
07/13/2017 05:04:46 PM: Identification: applying ML models.
07/13/2017 05:04:47 PM: Identification: done.
07/13/2017 05:04:47 PM: Normalisation: applying ML models.
07/13/2017 05:04:47 PM: Normalisation: done.
07/13/2017 05:04:47 PM: Temporal relation extraction: applying ML models.
07/13/2017 05:04:48 PM: Temporal relation extraction: done.
07/13/2017 05:04:48 PM: [10580/12000] Doc data_20170129081103_17.tml annotated.
07/13/2017 05:04:48 PM: [10625/12000] Doc data_20170129081103_21.tml.
07/13/2017 05:04:48 PM: Document dataCleaned/data_20170129081103_21.tml: parsing...
07/13/2017 05:05:23 PM: Document dataCleaned/data_20170129081103_21.tml: parsed.
07/13/2017 05:05:23 PM: Attributes: extracting...
07/13/2017 05:05:25 PM: Attributes: extracted.
07/13/2017 05:05:25 PM: Identification: applying ML models.
07/13/2017 05:05:28 PM: Identification: done.
07/13/2017 05:05:28 PM: Normalisation: applying ML models.
07/13/2017 05:05:29 PM: Normalisation: done.
07/13/2017 05:05:29 PM: Temporal relation extraction: applying ML models.
07/13/2017 05:05:33 PM: Temporal relation extraction: done.
07/13/2017 05:05:33 PM: [10625/12000] Doc data_20170129081103_21.tml annotated.
07/13/2017 05:05:33 PM: [10628/12000] Doc data_20170129081103_212.tml.
07/13/2017 05:05:33 PM: Document dataCleaned/data_20170129081103_212.tml: parsing...
07/13/2017 05:05:34 PM: Document dataCleaned/data_20170129081103_212.tml: parsed.
07/13/2017 05:05:34 PM: Attributes: extracting...
07/13/2017 05:05:36 PM: Attributes: extracted.
07/13/2017 05:05:36 PM: Identification: applying ML models.
07/13/2017 05:05:39 PM: Identification: done.
07/13/2017 05:05:39 PM: Normalisation: applying ML models.
07/13/2017 05:05:40 PM: Normalisation: done.
07/13/2017 05:05:40 PM: Temporal relation extraction: applying ML models.
07/13/2017 05:05:44 PM: Temporal relation extraction: done.
07/13/2017 05:05:44 PM: [10628/12000] Doc data_20170129081103_212.tml annotated.
07/13/2017 05:05:44 PM: [10632/12000] Doc data_20170129081103_216.tml.
07/13/2017 05:05:44 PM: Document dataCleaned/data_20170129081103_216.tml: parsing...
07/13/2017 05:05:44 PM: Document dataCleaned/data_20170129081103_216.tml: parsed.
07/13/2017 05:05:44 PM: Attributes: extracting...
07/13/2017 05:05:44 PM: Attributes: extracted.
07/13/2017 05:05:44 PM: Identification: applying ML models.
07/13/2017 05:05:45 PM: Identification: done.
07/13/2017 05:05:45 PM: Normalisation: applying ML models.
07/13/2017 05:05:45 PM: Normalisation: done.
07/13/2017 05:05:45 PM: Temporal relation extraction: applying ML models.
07/13/2017 05:05:46 PM: Temporal relation extraction: done.
07/13/2017 05:05:46 PM: [10632/12000] Doc data_20170129081103_216.tml annotated.
07/13/2017 05:05:46 PM: [10640/12000] Doc data_20170129081103_223.tml.
07/13/2017 05:05:46 PM: Document dataCleaned/data_20170129081103_223.tml: parsing...
07/13/2017 05:05:47 PM: Document dataCleaned/data_20170129081103_223.tml: parsed.
07/13/2017 05:05:47 PM: Attributes: extracting...
07/13/2017 05:05:48 PM: Attributes: extracted.
07/13/2017 05:05:48 PM: Identification: applying ML models.
07/13/2017 05:05:51 PM: Identification: done.
07/13/2017 05:05:51 PM: Normalisation: applying ML models.
07/13/2017 05:05:52 PM: Normalisation: done.
07/13/2017 05:05:52 PM: Temporal relation extraction: applying ML models.
07/13/2017 05:05:56 PM: Temporal relation extraction: done.
07/13/2017 05:05:56 PM: [10640/12000] Doc data_20170129081103_223.tml annotated.
07/13/2017 05:05:56 PM: [10722/12000] Doc data_20170129081103_298.tml.
07/13/2017 05:05:56 PM: Document dataCleaned/data_20170129081103_298.tml: parsing...
07/13/2017 05:06:10 PM: Document dataCleaned/data_20170129081103_298.tml: parsed.
07/13/2017 05:06:10 PM: Attributes: extracting...
07/13/2017 05:06:11 PM: Attributes: extracted.
07/13/2017 05:06:11 PM: Identification: applying ML models.
07/13/2017 05:06:11 PM: Identification: done.
07/13/2017 05:06:11 PM: Normalisation: applying ML models.
07/13/2017 05:06:11 PM: Normalisation: done.
07/13/2017 05:06:11 PM: Temporal relation extraction: applying ML models.
07/13/2017 05:06:11 PM: Temporal relation extraction: done.
07/13/2017 05:06:11 PM: [10722/12000] Doc data_20170129081103_298.tml annotated.
07/13/2017 05:06:11 PM: [10731/12000] Doc data_20170129081103_305.tml.
07/13/2017 05:06:11 PM: Document dataCleaned/data_20170129081103_305.tml: parsing...
07/13/2017 05:06:12 PM: Document dataCleaned/data_20170129081103_305.tml: parsed.
07/13/2017 05:06:12 PM: Attributes: extracting...
07/13/2017 05:06:14 PM: Attributes: extracted.
07/13/2017 05:06:14 PM: Identification: applying ML models.
07/13/2017 05:06:17 PM: Identification: done.
07/13/2017 05:06:17 PM: Normalisation: applying ML models.
07/13/2017 05:06:18 PM: Normalisation: done.
07/13/2017 05:06:18 PM: Temporal relation extraction: applying ML models.
07/13/2017 05:06:22 PM: Temporal relation extraction: done.
07/13/2017 05:06:22 PM: [10731/12000] Doc data_20170129081103_305.tml annotated.
07/13/2017 05:06:22 PM: [10757/12000] Doc data_20170129081103_329.tml.
07/13/2017 05:06:22 PM: Document dataCleaned/data_20170129081103_329.tml: parsing...
07/13/2017 05:06:37 PM: Document dataCleaned/data_20170129081103_329.tml: parsed.
07/13/2017 05:06:37 PM: Attributes: extracting...
07/13/2017 05:06:38 PM: Attributes: extracted.
07/13/2017 05:06:38 PM: Identification: applying ML models.
07/13/2017 05:06:38 PM: Identification: done.
07/13/2017 05:06:38 PM: Normalisation: applying ML models.
07/13/2017 05:06:38 PM: Normalisation: done.
07/13/2017 05:06:38 PM: Temporal relation extraction: applying ML models.
07/13/2017 05:06:38 PM: Temporal relation extraction: done.
07/13/2017 05:06:38 PM: [10757/12000] Doc data_20170129081103_329.tml annotated.
07/13/2017 05:06:38 PM: [10795/12000] Doc data_20170129081103_363.tml.
07/13/2017 05:06:38 PM: Document dataCleaned/data_20170129081103_363.tml: parsing...
07/13/2017 05:06:39 PM: Document dataCleaned/data_20170129081103_363.tml: parsed.
07/13/2017 05:06:39 PM: Attributes: extracting...
07/13/2017 05:06:39 PM: Attributes: extracted.
07/13/2017 05:06:39 PM: Identification: applying ML models.
07/13/2017 05:06:40 PM: Identification: done.
07/13/2017 05:06:40 PM: Normalisation: applying ML models.
07/13/2017 05:06:40 PM: Normalisation: done.
07/13/2017 05:06:40 PM: Temporal relation extraction: applying ML models.
07/13/2017 05:06:41 PM: Temporal relation extraction: done.
07/13/2017 05:06:41 PM: [10795/12000] Doc data_20170129081103_363.tml annotated.
07/13/2017 05:06:41 PM: [10798/12000] Doc data_20170129081103_366.tml.
07/13/2017 05:06:41 PM: Document dataCleaned/data_20170129081103_366.tml: parsing...
07/13/2017 05:06:42 PM: Document dataCleaned/data_20170129081103_366.tml: parsed.
07/13/2017 05:06:42 PM: Attributes: extracting...
07/13/2017 05:06:44 PM: Attributes: extracted.
07/13/2017 05:06:44 PM: Identification: applying ML models.
07/13/2017 05:06:46 PM: Identification: done.
07/13/2017 05:06:46 PM: Normalisation: applying ML models.
07/13/2017 05:06:47 PM: Normalisation: done.
07/13/2017 05:06:47 PM: Temporal relation extraction: applying ML models.
07/13/2017 05:06:51 PM: Temporal relation extraction: done.
07/13/2017 05:06:51 PM: [10798/12000] Doc data_20170129081103_366.tml annotated.
07/13/2017 05:06:51 PM: [10892/12000] Doc data_20170129081103_450.tml.
07/13/2017 05:06:51 PM: Document dataCleaned/data_20170129081103_450.tml: parsing...
07/13/2017 05:06:52 PM: Document dataCleaned/data_20170129081103_450.tml: parsed.
07/13/2017 05:06:52 PM: Attributes: extracting...
07/13/2017 05:06:54 PM: Attributes: extracted.
07/13/2017 05:06:54 PM: Identification: applying ML models.
07/13/2017 05:06:57 PM: Identification: done.
07/13/2017 05:06:57 PM: Normalisation: applying ML models.
07/13/2017 05:06:58 PM: Normalisation: done.
07/13/2017 05:06:58 PM: Temporal relation extraction: applying ML models.
07/13/2017 05:07:02 PM: Temporal relation extraction: done.
07/13/2017 05:07:02 PM: [10892/12000] Doc data_20170129081103_450.tml annotated.
07/13/2017 05:07:02 PM: [10893/12000] Doc data_20170129081103_451.tml.
07/13/2017 05:07:02 PM: Document dataCleaned/data_20170129081103_451.tml: parsing...
07/13/2017 05:07:02 PM: Document dataCleaned/data_20170129081103_451.tml: parsed.
07/13/2017 05:07:02 PM: Attributes: extracting...
07/13/2017 05:07:03 PM: Attributes: extracted.
07/13/2017 05:07:03 PM: Identification: applying ML models.
07/13/2017 05:07:03 PM: Identification: done.
07/13/2017 05:07:03 PM: Normalisation: applying ML models.
07/13/2017 05:07:04 PM: Normalisation: done.
07/13/2017 05:07:04 PM: Temporal relation extraction: applying ML models.
07/13/2017 05:07:04 PM: Temporal relation extraction: done.
07/13/2017 05:07:04 PM: [10893/12000] Doc data_20170129081103_451.tml annotated.
07/13/2017 05:07:04 PM: [10922/12000] Doc data_20170129081103_478.tml.
07/13/2017 05:07:04 PM: Document dataCleaned/data_20170129081103_478.tml: parsing...
07/13/2017 05:07:04 PM: Document dataCleaned/data_20170129081103_478.tml: parsed.
07/13/2017 05:07:04 PM: Attributes: extracting...
07/13/2017 05:07:05 PM: Attributes: extracted.
07/13/2017 05:07:05 PM: Identification: applying ML models.
07/13/2017 05:07:05 PM: Identification: done.
07/13/2017 05:07:05 PM: Normalisation: applying ML models.
07/13/2017 05:07:06 PM: Normalisation: done.
07/13/2017 05:07:06 PM: Temporal relation extraction: applying ML models.
07/13/2017 05:07:06 PM: Temporal relation extraction: done.
07/13/2017 05:07:06 PM: [10922/12000] Doc data_20170129081103_478.tml annotated.
07/13/2017 05:07:06 PM: [10928/12000] Doc data_20170129081103_483.tml.
07/13/2017 05:07:06 PM: Document dataCleaned/data_20170129081103_483.tml: parsing...
07/13/2017 05:07:07 PM: Document dataCleaned/data_20170129081103_483.tml: parsed.
07/13/2017 05:07:07 PM: Attributes: extracting...
07/13/2017 05:07:09 PM: Attributes: extracted.
07/13/2017 05:07:09 PM: Identification: applying ML models.
07/13/2017 05:07:12 PM: Identification: done.
07/13/2017 05:07:12 PM: Normalisation: applying ML models.
07/13/2017 05:07:13 PM: Normalisation: done.
07/13/2017 05:07:13 PM: Temporal relation extraction: applying ML models.
07/13/2017 05:07:17 PM: Temporal relation extraction: done.
07/13/2017 05:07:17 PM: [10928/12000] Doc data_20170129081103_483.tml annotated.
07/13/2017 05:07:17 PM: [10955/12000] Doc data_20170129081103_58.tml.
07/13/2017 05:07:17 PM: Document dataCleaned/data_20170129081103_58.tml: parsing...
07/13/2017 05:07:50 PM: Document dataCleaned/data_20170129081103_58.tml: parsed.
07/13/2017 05:07:50 PM: Attributes: extracting...
07/13/2017 05:07:52 PM: Attributes: extracted.
07/13/2017 05:07:52 PM: Identification: applying ML models.
07/13/2017 05:07:54 PM: Identification: done.
07/13/2017 05:07:54 PM: Normalisation: applying ML models.
07/13/2017 05:07:55 PM: Normalisation: done.
07/13/2017 05:07:55 PM: Temporal relation extraction: applying ML models.
07/13/2017 05:07:58 PM: Temporal relation extraction: done.
07/13/2017 05:07:58 PM: [10955/12000] Doc data_20170129081103_58.tml annotated.
07/13/2017 05:07:58 PM: [11048/12000] Doc data_20170129081116_140.tml.
07/13/2017 05:07:58 PM: Document dataCleaned/data_20170129081116_140.tml: parsing...
07/13/2017 05:07:58 PM: Document dataCleaned/data_20170129081116_140.tml: parsed.
07/13/2017 05:07:58 PM: Attributes: extracting...
07/13/2017 05:07:58 PM: Attributes: extracted.
07/13/2017 05:07:58 PM: Identification: applying ML models.
07/13/2017 05:07:59 PM: Identification: done.
07/13/2017 05:07:59 PM: Normalisation: applying ML models.
07/13/2017 05:07:59 PM: Normalisation: done.
07/13/2017 05:07:59 PM: Temporal relation extraction: applying ML models.
07/13/2017 05:08:00 PM: Temporal relation extraction: done.
07/13/2017 05:08:00 PM: [11048/12000] Doc data_20170129081116_140.tml annotated.
07/13/2017 05:08:00 PM: [11052/12000] Doc data_20170129081116_144.tml.
07/13/2017 05:08:00 PM: Document dataCleaned/data_20170129081116_144.tml: parsing...
07/13/2017 05:08:01 PM: Document dataCleaned/data_20170129081116_144.tml: parsed.
07/13/2017 05:08:01 PM: Attributes: extracting...
07/13/2017 05:08:03 PM: Attributes: extracted.
07/13/2017 05:08:03 PM: Identification: applying ML models.
07/13/2017 05:08:05 PM: Identification: done.
07/13/2017 05:08:05 PM: Normalisation: applying ML models.
07/13/2017 05:08:06 PM: Normalisation: done.
07/13/2017 05:08:06 PM: Temporal relation extraction: applying ML models.
07/13/2017 05:08:10 PM: Temporal relation extraction: done.
07/13/2017 05:08:10 PM: [11052/12000] Doc data_20170129081116_144.tml annotated.
07/13/2017 05:08:10 PM: [11083/12000] Doc data_20170129081116_172.tml.
07/13/2017 05:08:10 PM: Document dataCleaned/data_20170129081116_172.tml: parsing...
07/13/2017 05:08:10 PM: Document dataCleaned/data_20170129081116_172.tml: parsed.
07/13/2017 05:08:10 PM: Attributes: extracting...
07/13/2017 05:08:11 PM: Attributes: extracted.
07/13/2017 05:08:11 PM: Identification: applying ML models.
07/13/2017 05:08:12 PM: Identification: done.
07/13/2017 05:08:12 PM: Normalisation: applying ML models.
07/13/2017 05:08:12 PM: Normalisation: done.
07/13/2017 05:08:12 PM: Temporal relation extraction: applying ML models.
07/13/2017 05:08:13 PM: Temporal relation extraction: done.
07/13/2017 05:08:13 PM: [11083/12000] Doc data_20170129081116_172.tml annotated.
07/13/2017 05:08:13 PM: [11211/12000] Doc data_20170129081116_288.tml.
07/13/2017 05:08:13 PM: Document dataCleaned/data_20170129081116_288.tml: parsing...
07/13/2017 05:08:26 PM: Document dataCleaned/data_20170129081116_288.tml: parsed.
07/13/2017 05:08:26 PM: Attributes: extracting...
07/13/2017 05:08:26 PM: Attributes: extracted.
07/13/2017 05:08:26 PM: Identification: applying ML models.
07/13/2017 05:08:26 PM: Identification: done.
07/13/2017 05:08:26 PM: Normalisation: applying ML models.
07/13/2017 05:08:26 PM: Normalisation: done.
07/13/2017 05:08:26 PM: Temporal relation extraction: applying ML models.
07/13/2017 05:08:26 PM: Temporal relation extraction: done.
07/13/2017 05:08:26 PM: [11211/12000] Doc data_20170129081116_288.tml annotated.
07/13/2017 05:08:26 PM: [11263/12000] Doc data_20170129081116_334.tml.
07/13/2017 05:08:26 PM: Document dataCleaned/data_20170129081116_334.tml: parsing...
07/13/2017 05:08:27 PM: Document dataCleaned/data_20170129081116_334.tml: parsed.
07/13/2017 05:08:27 PM: Attributes: extracting...
07/13/2017 05:08:29 PM: Attributes: extracted.
07/13/2017 05:08:29 PM: Identification: applying ML models.
07/13/2017 05:08:32 PM: Identification: done.
07/13/2017 05:08:32 PM: Normalisation: applying ML models.
07/13/2017 05:08:33 PM: Normalisation: done.
07/13/2017 05:08:33 PM: Temporal relation extraction: applying ML models.
07/13/2017 05:08:37 PM: Temporal relation extraction: done.
07/13/2017 05:08:37 PM: [11263/12000] Doc data_20170129081116_334.tml annotated.
07/13/2017 05:08:37 PM: [11289/12000] Doc data_20170129081116_358.tml.
07/13/2017 05:08:37 PM: Document dataCleaned/data_20170129081116_358.tml: parsing...
07/13/2017 05:08:37 PM: Document dataCleaned/data_20170129081116_358.tml: parsed.
07/13/2017 05:08:37 PM: Attributes: extracting...
07/13/2017 05:08:37 PM: Attributes: extracted.
07/13/2017 05:08:37 PM: Identification: applying ML models.
07/13/2017 05:08:38 PM: Identification: done.
07/13/2017 05:08:38 PM: Normalisation: applying ML models.
07/13/2017 05:08:38 PM: Normalisation: done.
07/13/2017 05:08:38 PM: Temporal relation extraction: applying ML models.
07/13/2017 05:08:39 PM: Temporal relation extraction: done.
07/13/2017 05:08:39 PM: [11289/12000] Doc data_20170129081116_358.tml annotated.
07/13/2017 05:08:39 PM: [11307/12000] Doc data_20170129081116_374.tml.
07/13/2017 05:08:39 PM: Document dataCleaned/data_20170129081116_374.tml: parsing...
07/13/2017 05:08:40 PM: Document dataCleaned/data_20170129081116_374.tml: parsed.
07/13/2017 05:08:40 PM: Attributes: extracting...
07/13/2017 05:08:42 PM: Attributes: extracted.
07/13/2017 05:08:42 PM: Identification: applying ML models.
07/13/2017 05:08:45 PM: Identification: done.
07/13/2017 05:08:45 PM: Normalisation: applying ML models.
07/13/2017 05:08:46 PM: Normalisation: done.
07/13/2017 05:08:46 PM: Temporal relation extraction: applying ML models.
07/13/2017 05:08:50 PM: Temporal relation extraction: done.
07/13/2017 05:08:50 PM: [11307/12000] Doc data_20170129081116_374.tml annotated.
07/13/2017 05:08:50 PM: [11334/12000] Doc data_20170129081116_399.tml.
07/13/2017 05:08:50 PM: Document dataCleaned/data_20170129081116_399.tml: parsing...
07/13/2017 05:08:50 PM: Document dataCleaned/data_20170129081116_399.tml: parsed.
07/13/2017 05:08:50 PM: Attributes: extracting...
07/13/2017 05:08:52 PM: Attributes: extracted.
07/13/2017 05:08:52 PM: Identification: applying ML models.
07/13/2017 05:08:55 PM: Identification: done.
07/13/2017 05:08:55 PM: Normalisation: applying ML models.
07/13/2017 05:08:56 PM: Normalisation: done.
07/13/2017 05:08:56 PM: Temporal relation extraction: applying ML models.
07/13/2017 05:09:00 PM: Temporal relation extraction: done.
07/13/2017 05:09:00 PM: [11334/12000] Doc data_20170129081116_399.tml annotated.
07/13/2017 05:09:00 PM: [11340/12000] Doc data_20170129081116_403.tml.
07/13/2017 05:09:00 PM: Document dataCleaned/data_20170129081116_403.tml: parsing...
07/13/2017 05:09:01 PM: Document dataCleaned/data_20170129081116_403.tml: parsed.
07/13/2017 05:09:01 PM: Attributes: extracting...
07/13/2017 05:09:03 PM: Attributes: extracted.
07/13/2017 05:09:03 PM: Identification: applying ML models.
07/13/2017 05:09:06 PM: Identification: done.
07/13/2017 05:09:06 PM: Normalisation: applying ML models.
07/13/2017 05:09:07 PM: Normalisation: done.
07/13/2017 05:09:07 PM: Temporal relation extraction: applying ML models.
07/13/2017 05:09:11 PM: Temporal relation extraction: done.
07/13/2017 05:09:11 PM: [11340/12000] Doc data_20170129081116_403.tml annotated.
07/13/2017 05:09:11 PM: [11364/12000] Doc data_20170129081116_425.tml.
07/13/2017 05:09:11 PM: Document dataCleaned/data_20170129081116_425.tml: parsing...
07/13/2017 05:09:11 PM: Document dataCleaned/data_20170129081116_425.tml: parsed.
07/13/2017 05:09:11 PM: Attributes: extracting...
07/13/2017 05:09:12 PM: Attributes: extracted.
07/13/2017 05:09:12 PM: Identification: applying ML models.
07/13/2017 05:09:12 PM: Identification: done.
07/13/2017 05:09:12 PM: Normalisation: applying ML models.
07/13/2017 05:09:12 PM: Normalisation: done.
07/13/2017 05:09:12 PM: Temporal relation extraction: applying ML models.
07/13/2017 05:09:13 PM: Temporal relation extraction: done.
07/13/2017 05:09:13 PM: [11364/12000] Doc data_20170129081116_425.tml annotated.
07/13/2017 05:09:13 PM: [11371/12000] Doc data_20170129081116_431.tml.
07/13/2017 05:09:13 PM: Document dataCleaned/data_20170129081116_431.tml: parsing...
07/13/2017 05:09:14 PM: Document dataCleaned/data_20170129081116_431.tml: parsed.
07/13/2017 05:09:14 PM: Attributes: extracting...
07/13/2017 05:09:16 PM: Attributes: extracted.
07/13/2017 05:09:16 PM: Identification: applying ML models.
07/13/2017 05:09:19 PM: Identification: done.
07/13/2017 05:09:19 PM: Normalisation: applying ML models.
07/13/2017 05:09:20 PM: Normalisation: done.
07/13/2017 05:09:20 PM: Temporal relation extraction: applying ML models.
07/13/2017 05:09:24 PM: Temporal relation extraction: done.
07/13/2017 05:09:24 PM: [11371/12000] Doc data_20170129081116_431.tml annotated.
07/13/2017 05:09:24 PM: [11373/12000] Doc data_20170129081116_433.tml.
07/13/2017 05:09:24 PM: Document dataCleaned/data_20170129081116_433.tml: parsing...
07/13/2017 05:09:25 PM: Document dataCleaned/data_20170129081116_433.tml: parsed.
07/13/2017 05:09:25 PM: Attributes: extracting...
07/13/2017 05:09:27 PM: Attributes: extracted.
07/13/2017 05:09:27 PM: Identification: applying ML models.
07/13/2017 05:09:29 PM: Identification: done.
07/13/2017 05:09:29 PM: Normalisation: applying ML models.
07/13/2017 05:09:30 PM: Normalisation: done.
07/13/2017 05:09:30 PM: Temporal relation extraction: applying ML models.
07/13/2017 05:09:35 PM: Temporal relation extraction: done.
07/13/2017 05:09:35 PM: [11373/12000] Doc data_20170129081116_433.tml annotated.
07/13/2017 05:09:35 PM: [11378/12000] Doc data_20170129081116_438.tml.
07/13/2017 05:09:35 PM: Document dataCleaned/data_20170129081116_438.tml: parsing...
07/13/2017 05:09:47 PM: Document dataCleaned/data_20170129081116_438.tml: parsed.
07/13/2017 05:09:47 PM: Attributes: extracting...
07/13/2017 05:09:48 PM: Attributes: extracted.
07/13/2017 05:09:48 PM: Identification: applying ML models.
07/13/2017 05:09:48 PM: Identification: done.
07/13/2017 05:09:48 PM: Normalisation: applying ML models.
07/13/2017 05:09:48 PM: Normalisation: done.
07/13/2017 05:09:48 PM: Temporal relation extraction: applying ML models.
07/13/2017 05:09:48 PM: Temporal relation extraction: done.
07/13/2017 05:09:48 PM: [11378/12000] Doc data_20170129081116_438.tml annotated.
07/13/2017 05:09:48 PM: [11392/12000] Doc data_20170129081116_450.tml.
07/13/2017 05:09:48 PM: Document dataCleaned/data_20170129081116_450.tml: parsing...
07/13/2017 05:09:48 PM: Document dataCleaned/data_20170129081116_450.tml: parsed.
07/13/2017 05:09:48 PM: Attributes: extracting...
07/13/2017 05:09:49 PM: Attributes: extracted.
07/13/2017 05:09:49 PM: Identification: applying ML models.
07/13/2017 05:09:49 PM: Identification: done.
07/13/2017 05:09:49 PM: Normalisation: applying ML models.
07/13/2017 05:09:50 PM: Normalisation: done.
07/13/2017 05:09:50 PM: Temporal relation extraction: applying ML models.
07/13/2017 05:09:50 PM: Temporal relation extraction: done.
07/13/2017 05:09:50 PM: [11392/12000] Doc data_20170129081116_450.tml annotated.
07/13/2017 05:09:50 PM: [11395/12000] Doc data_20170129081116_453.tml.
07/13/2017 05:09:50 PM: Document dataCleaned/data_20170129081116_453.tml: parsing...
07/13/2017 05:09:51 PM: Document dataCleaned/data_20170129081116_453.tml: parsed.
07/13/2017 05:09:51 PM: Attributes: extracting...
07/13/2017 05:09:53 PM: Attributes: extracted.
07/13/2017 05:09:53 PM: Identification: applying ML models.
07/13/2017 05:09:56 PM: Identification: done.
07/13/2017 05:09:56 PM: Normalisation: applying ML models.
07/13/2017 05:09:57 PM: Normalisation: done.
07/13/2017 05:09:57 PM: Temporal relation extraction: applying ML models.
07/13/2017 05:10:01 PM: Temporal relation extraction: done.
07/13/2017 05:10:01 PM: [11395/12000] Doc data_20170129081116_453.tml annotated.
07/13/2017 05:10:01 PM: [11431/12000] Doc data_20170129081116_486.tml.
07/13/2017 05:10:01 PM: Document dataCleaned/data_20170129081116_486.tml: parsing...
07/13/2017 05:10:02 PM: Document dataCleaned/data_20170129081116_486.tml: parsed.
07/13/2017 05:10:02 PM: Attributes: extracting...
07/13/2017 05:10:04 PM: Attributes: extracted.
07/13/2017 05:10:04 PM: Identification: applying ML models.
07/13/2017 05:10:06 PM: Identification: done.
07/13/2017 05:10:06 PM: Normalisation: applying ML models.
07/13/2017 05:10:07 PM: Normalisation: done.
07/13/2017 05:10:07 PM: Temporal relation extraction: applying ML models.
07/13/2017 05:10:11 PM: Temporal relation extraction: done.
07/13/2017 05:10:11 PM: [11431/12000] Doc data_20170129081116_486.tml annotated.
07/13/2017 05:10:11 PM: [11432/12000] Doc data_20170129081116_487.tml.
07/13/2017 05:10:11 PM: Document dataCleaned/data_20170129081116_487.tml: parsing...
07/13/2017 05:10:12 PM: Document dataCleaned/data_20170129081116_487.tml: parsed.
07/13/2017 05:10:12 PM: Attributes: extracting...
07/13/2017 05:10:12 PM: Attributes: extracted.
07/13/2017 05:10:12 PM: Identification: applying ML models.
07/13/2017 05:10:13 PM: Identification: done.
07/13/2017 05:10:13 PM: Normalisation: applying ML models.
07/13/2017 05:10:13 PM: Normalisation: done.
07/13/2017 05:10:13 PM: Temporal relation extraction: applying ML models.
07/13/2017 05:10:14 PM: Temporal relation extraction: done.
07/13/2017 05:10:14 PM: [11432/12000] Doc data_20170129081116_487.tml annotated.
07/13/2017 05:10:14 PM: [11436/12000] Doc data_20170129081116_490.tml.
07/13/2017 05:10:14 PM: Document dataCleaned/data_20170129081116_490.tml: parsing...
07/13/2017 05:10:27 PM: Document dataCleaned/data_20170129081116_490.tml: parsed.
07/13/2017 05:10:27 PM: Attributes: extracting...
07/13/2017 05:10:28 PM: Attributes: extracted.
07/13/2017 05:10:28 PM: Identification: applying ML models.
07/13/2017 05:10:28 PM: Identification: done.
07/13/2017 05:10:28 PM: Normalisation: applying ML models.
07/13/2017 05:10:28 PM: Normalisation: done.
07/13/2017 05:10:28 PM: Temporal relation extraction: applying ML models.
07/13/2017 05:10:28 PM: Temporal relation extraction: done.
07/13/2017 05:10:28 PM: [11436/12000] Doc data_20170129081116_490.tml annotated.
07/13/2017 05:10:28 PM: [11445/12000] Doc data_20170129081116_499.tml.
07/13/2017 05:10:28 PM: Document dataCleaned/data_20170129081116_499.tml: parsing...
07/13/2017 05:11:36 PM: Document dataCleaned/data_20170129081116_499.tml: parsed.
07/13/2017 05:11:36 PM: Attributes: extracting...
07/13/2017 05:11:37 PM: Attributes: extracted.
07/13/2017 05:11:37 PM: Identification: applying ML models.
07/13/2017 05:11:38 PM: Identification: done.
07/13/2017 05:11:38 PM: Normalisation: applying ML models.
07/13/2017 05:11:38 PM: Normalisation: done.
07/13/2017 05:11:38 PM: Temporal relation extraction: applying ML models.
07/13/2017 05:11:39 PM: Temporal relation extraction: done.
07/13/2017 05:11:39 PM: [11445/12000] Doc data_20170129081116_499.tml annotated.
07/13/2017 05:11:39 PM: [11467/12000] Doc data_20170129081116_69.tml.
07/13/2017 05:11:39 PM: Document dataCleaned/data_20170129081116_69.tml: parsing...
07/13/2017 05:11:39 PM: Document dataCleaned/data_20170129081116_69.tml: parsed.
07/13/2017 05:11:39 PM: Attributes: extracting...
07/13/2017 05:11:41 PM: Attributes: extracted.
07/13/2017 05:11:41 PM: Identification: applying ML models.
07/13/2017 05:11:44 PM: Identification: done.
07/13/2017 05:11:44 PM: Normalisation: applying ML models.
07/13/2017 05:11:45 PM: Normalisation: done.
07/13/2017 05:11:45 PM: Temporal relation extraction: applying ML models.
07/13/2017 05:11:49 PM: Temporal relation extraction: done.
07/13/2017 05:11:49 PM: [11467/12000] Doc data_20170129081116_69.tml annotated.
07/13/2017 05:11:49 PM: [11515/12000] Doc data_20170129081129_110.tml.
07/13/2017 05:11:49 PM: Document dataCleaned/data_20170129081129_110.tml: parsing...
07/13/2017 05:11:49 PM: Document dataCleaned/data_20170129081129_110.tml: parsed.
07/13/2017 05:11:49 PM: Attributes: extracting...
07/13/2017 05:11:50 PM: Attributes: extracted.
07/13/2017 05:11:50 PM: Identification: applying ML models.
07/13/2017 05:11:51 PM: Identification: done.
07/13/2017 05:11:51 PM: Normalisation: applying ML models.
07/13/2017 05:11:51 PM: Normalisation: done.
07/13/2017 05:11:51 PM: Temporal relation extraction: applying ML models.
07/13/2017 05:11:52 PM: Temporal relation extraction: done.
07/13/2017 05:11:52 PM: [11515/12000] Doc data_20170129081129_110.tml annotated.
07/13/2017 05:11:52 PM: [11517/12000] Doc data_20170129081129_112.tml.
07/13/2017 05:11:52 PM: Document dataCleaned/data_20170129081129_112.tml: parsing...
07/13/2017 05:11:52 PM: Document dataCleaned/data_20170129081129_112.tml: parsed.
07/13/2017 05:11:52 PM: Attributes: extracting...
07/13/2017 05:11:54 PM: Attributes: extracted.
07/13/2017 05:11:54 PM: Identification: applying ML models.
07/13/2017 05:11:57 PM: Identification: done.
07/13/2017 05:11:57 PM: Normalisation: applying ML models.
07/13/2017 05:11:58 PM: Normalisation: done.
07/13/2017 05:11:58 PM: Temporal relation extraction: applying ML models.
07/13/2017 05:12:02 PM: Temporal relation extraction: done.
07/13/2017 05:12:02 PM: [11517/12000] Doc data_20170129081129_112.tml annotated.
07/13/2017 05:12:02 PM: [11521/12000] Doc data_20170129081129_116.tml.
07/13/2017 05:12:02 PM: Document dataCleaned/data_20170129081129_116.tml: parsing...
07/13/2017 05:12:34 PM: Document dataCleaned/data_20170129081129_116.tml: parsed.
07/13/2017 05:12:34 PM: Attributes: extracting...
07/13/2017 05:12:35 PM: Attributes: extracted.
07/13/2017 05:12:35 PM: Identification: applying ML models.
07/13/2017 05:12:37 PM: Identification: done.
07/13/2017 05:12:37 PM: Normalisation: applying ML models.
07/13/2017 05:12:37 PM: Normalisation: done.
07/13/2017 05:12:37 PM: Temporal relation extraction: applying ML models.
07/13/2017 05:12:37 PM: Temporal relation extraction: done.
07/13/2017 05:12:37 PM: [11521/12000] Doc data_20170129081129_116.tml annotated.
07/13/2017 05:12:37 PM: [11525/12000] Doc data_20170129081129_12.tml.
07/13/2017 05:12:37 PM: Document dataCleaned/data_20170129081129_12.tml: parsing...
07/13/2017 05:12:38 PM: Document dataCleaned/data_20170129081129_12.tml: parsed.
07/13/2017 05:12:38 PM: Attributes: extracting...
07/13/2017 05:12:40 PM: Attributes: extracted.
07/13/2017 05:12:40 PM: Identification: applying ML models.
07/13/2017 05:12:43 PM: Identification: done.
07/13/2017 05:12:43 PM: Normalisation: applying ML models.
07/13/2017 05:12:44 PM: Normalisation: done.
07/13/2017 05:12:44 PM: Temporal relation extraction: applying ML models.
07/13/2017 05:12:48 PM: Temporal relation extraction: done.
07/13/2017 05:12:48 PM: [11525/12000] Doc data_20170129081129_12.tml annotated.
07/13/2017 05:12:48 PM: [11545/12000] Doc data_20170129081129_138.tml.
07/13/2017 05:12:48 PM: Document dataCleaned/data_20170129081129_138.tml: parsing...
07/13/2017 05:12:49 PM: Document dataCleaned/data_20170129081129_138.tml: parsed.
07/13/2017 05:12:49 PM: Attributes: extracting...
07/13/2017 05:12:51 PM: Attributes: extracted.
07/13/2017 05:12:51 PM: Identification: applying ML models.
07/13/2017 05:12:54 PM: Identification: done.
07/13/2017 05:12:54 PM: Normalisation: applying ML models.
07/13/2017 05:12:55 PM: Normalisation: done.
07/13/2017 05:12:55 PM: Temporal relation extraction: applying ML models.
07/13/2017 05:12:59 PM: Temporal relation extraction: done.
07/13/2017 05:12:59 PM: [11545/12000] Doc data_20170129081129_138.tml annotated.
07/13/2017 05:12:59 PM: [11655/12000] Doc data_20170129081129_237.tml.
07/13/2017 05:12:59 PM: Document dataCleaned/data_20170129081129_237.tml: parsing...
07/13/2017 05:13:29 PM: Document dataCleaned/data_20170129081129_237.tml: parsed.
07/13/2017 05:13:29 PM: Attributes: extracting...
07/13/2017 05:13:30 PM: Attributes: extracted.
07/13/2017 05:13:30 PM: Identification: applying ML models.
07/13/2017 05:13:32 PM: Identification: done.
07/13/2017 05:13:32 PM: Normalisation: applying ML models.
07/13/2017 05:13:32 PM: Normalisation: done.
07/13/2017 05:13:32 PM: Temporal relation extraction: applying ML models.
07/13/2017 05:13:33 PM: Temporal relation extraction: done.
07/13/2017 05:13:33 PM: [11655/12000] Doc data_20170129081129_237.tml annotated.
07/13/2017 05:13:33 PM: [11683/12000] Doc data_20170129081129_262.tml.
07/13/2017 05:13:33 PM: Document dataCleaned/data_20170129081129_262.tml: parsing...
07/13/2017 05:14:02 PM: Document dataCleaned/data_20170129081129_262.tml: parsed.
07/13/2017 05:14:02 PM: Attributes: extracting...
07/13/2017 05:14:03 PM: Attributes: extracted.
07/13/2017 05:14:03 PM: Identification: applying ML models.
07/13/2017 05:14:04 PM: Identification: done.
07/13/2017 05:14:04 PM: Normalisation: applying ML models.
07/13/2017 05:14:05 PM: Normalisation: done.
07/13/2017 05:14:05 PM: Temporal relation extraction: applying ML models.
07/13/2017 05:14:05 PM: Temporal relation extraction: done.
07/13/2017 05:14:05 PM: [11683/12000] Doc data_20170129081129_262.tml annotated.
07/13/2017 05:14:05 PM: [11706/12000] Doc data_20170129081129_283.tml.
07/13/2017 05:14:05 PM: Document dataCleaned/data_20170129081129_283.tml: parsing...
07/13/2017 05:14:05 PM: Document dataCleaned/data_20170129081129_283.tml: parsed.
07/13/2017 05:14:05 PM: Attributes: extracting...
07/13/2017 05:14:06 PM: Attributes: extracted.
07/13/2017 05:14:06 PM: Identification: applying ML models.
07/13/2017 05:14:06 PM: Identification: done.
07/13/2017 05:14:06 PM: Normalisation: applying ML models.
07/13/2017 05:14:07 PM: Normalisation: done.
07/13/2017 05:14:07 PM: Temporal relation extraction: applying ML models.
07/13/2017 05:14:08 PM: Temporal relation extraction: done.
07/13/2017 05:14:08 PM: [11706/12000] Doc data_20170129081129_283.tml annotated.
07/13/2017 05:14:08 PM: [11714/12000] Doc data_20170129081129_290.tml.
07/13/2017 05:14:08 PM: Document dataCleaned/data_20170129081129_290.tml: parsing...
07/13/2017 05:14:08 PM: Document dataCleaned/data_20170129081129_290.tml: parsed.
07/13/2017 05:14:08 PM: Attributes: extracting...
07/13/2017 05:14:10 PM: Attributes: extracted.
07/13/2017 05:14:10 PM: Identification: applying ML models.
07/13/2017 05:14:13 PM: Identification: done.
07/13/2017 05:14:13 PM: Normalisation: applying ML models.
07/13/2017 05:14:14 PM: Normalisation: done.
07/13/2017 05:14:14 PM: Temporal relation extraction: applying ML models.
07/13/2017 05:14:18 PM: Temporal relation extraction: done.
07/13/2017 05:14:18 PM: [11714/12000] Doc data_20170129081129_290.tml annotated.
07/13/2017 05:14:18 PM: [11724/12000] Doc data_20170129081129_3.tml.
07/13/2017 05:14:18 PM: Document dataCleaned/data_20170129081129_3.tml: parsing...
07/13/2017 05:14:18 PM: Document dataCleaned/data_20170129081129_3.tml: parsed.
07/13/2017 05:14:18 PM: Attributes: extracting...
07/13/2017 05:14:19 PM: Attributes: extracted.
07/13/2017 05:14:19 PM: Identification: applying ML models.
07/13/2017 05:14:19 PM: Identification: done.
07/13/2017 05:14:19 PM: Normalisation: applying ML models.
07/13/2017 05:14:20 PM: Normalisation: done.
07/13/2017 05:14:20 PM: Temporal relation extraction: applying ML models.
07/13/2017 05:14:20 PM: Temporal relation extraction: done.
07/13/2017 05:14:20 PM: [11724/12000] Doc data_20170129081129_3.tml annotated.
07/13/2017 05:14:20 PM: [11778/12000] Doc data_20170129081129_348.tml.
07/13/2017 05:14:20 PM: Document dataCleaned/data_20170129081129_348.tml: parsing...
07/13/2017 05:14:33 PM: Document dataCleaned/data_20170129081129_348.tml: parsed.
07/13/2017 05:14:33 PM: Attributes: extracting...
07/13/2017 05:14:33 PM: Attributes: extracted.
07/13/2017 05:14:33 PM: Identification: applying ML models.
07/13/2017 05:14:33 PM: Identification: done.
07/13/2017 05:14:33 PM: Normalisation: applying ML models.
07/13/2017 05:14:33 PM: Normalisation: done.
07/13/2017 05:14:33 PM: Temporal relation extraction: applying ML models.
07/13/2017 05:14:33 PM: Temporal relation extraction: done.
07/13/2017 05:14:33 PM: [11778/12000] Doc data_20170129081129_348.tml annotated.
07/13/2017 05:14:33 PM: [11805/12000] Doc data_20170129081129_372.tml.
07/13/2017 05:14:33 PM: Document dataCleaned/data_20170129081129_372.tml: parsing...
07/13/2017 05:15:04 PM: Document dataCleaned/data_20170129081129_372.tml: parsed.
07/13/2017 05:15:04 PM: Attributes: extracting...
07/13/2017 05:15:05 PM: Attributes: extracted.
07/13/2017 05:15:05 PM: Identification: applying ML models.
07/13/2017 05:15:05 PM: Identification: done.
07/13/2017 05:15:05 PM: Normalisation: applying ML models.
07/13/2017 05:15:06 PM: Normalisation: done.
07/13/2017 05:15:06 PM: Temporal relation extraction: applying ML models.
07/13/2017 05:15:07 PM: Temporal relation extraction: done.
07/13/2017 05:15:07 PM: [11805/12000] Doc data_20170129081129_372.tml annotated.
07/13/2017 05:15:07 PM: [11816/12000] Doc data_20170129081129_382.tml.
07/13/2017 05:15:07 PM: Document dataCleaned/data_20170129081129_382.tml: parsing...
07/13/2017 05:15:21 PM: Document dataCleaned/data_20170129081129_382.tml: parsed.
07/13/2017 05:15:21 PM: Attributes: extracting...
07/13/2017 05:15:22 PM: Attributes: extracted.
07/13/2017 05:15:22 PM: Identification: applying ML models.
07/13/2017 05:15:22 PM: Identification: done.
07/13/2017 05:15:22 PM: Normalisation: applying ML models.
07/13/2017 05:15:22 PM: Normalisation: done.
07/13/2017 05:15:22 PM: Temporal relation extraction: applying ML models.
07/13/2017 05:15:22 PM: Temporal relation extraction: done.
07/13/2017 05:15:22 PM: [11816/12000] Doc data_20170129081129_382.tml annotated.
07/13/2017 05:15:22 PM: [11819/12000] Doc data_20170129081129_385.tml.
07/13/2017 05:15:22 PM: Document dataCleaned/data_20170129081129_385.tml: parsing...
07/13/2017 05:15:36 PM: Document dataCleaned/data_20170129081129_385.tml: parsed.
07/13/2017 05:15:36 PM: Attributes: extracting...
07/13/2017 05:15:36 PM: Attributes: extracted.
07/13/2017 05:15:36 PM: Identification: applying ML models.
07/13/2017 05:15:36 PM: Identification: done.
07/13/2017 05:15:36 PM: Normalisation: applying ML models.
07/13/2017 05:15:36 PM: Normalisation: done.
07/13/2017 05:15:36 PM: Temporal relation extraction: applying ML models.
07/13/2017 05:15:37 PM: Temporal relation extraction: done.
07/13/2017 05:15:37 PM: [11819/12000] Doc data_20170129081129_385.tml annotated.
07/13/2017 05:15:37 PM: [11835/12000] Doc data_20170129081129_4.tml.
07/13/2017 05:15:37 PM: Document dataCleaned/data_20170129081129_4.tml: parsing...
07/13/2017 05:15:56 PM: Document dataCleaned/data_20170129081129_4.tml: parsed.
07/13/2017 05:15:56 PM: Attributes: extracting...
07/13/2017 05:15:56 PM: Attributes: extracted.
07/13/2017 05:15:56 PM: Identification: applying ML models.
07/13/2017 05:15:57 PM: Identification: done.
07/13/2017 05:15:57 PM: Normalisation: applying ML models.
07/13/2017 05:15:57 PM: Normalisation: done.
07/13/2017 05:15:57 PM: Temporal relation extraction: applying ML models.
07/13/2017 05:15:57 PM: Temporal relation extraction: done.
07/13/2017 05:15:57 PM: [11835/12000] Doc data_20170129081129_4.tml annotated.
07/13/2017 05:15:57 PM: [11840/12000] Doc data_20170129081129_403.tml.
07/13/2017 05:15:57 PM: Document dataCleaned/data_20170129081129_403.tml: parsing...
07/13/2017 05:15:58 PM: Document dataCleaned/data_20170129081129_403.tml: parsed.
07/13/2017 05:15:58 PM: Attributes: extracting...
07/13/2017 05:16:00 PM: Attributes: extracted.
07/13/2017 05:16:00 PM: Identification: applying ML models.
07/13/2017 05:16:03 PM: Identification: done.
07/13/2017 05:16:03 PM: Normalisation: applying ML models.
07/13/2017 05:16:04 PM: Normalisation: done.
07/13/2017 05:16:04 PM: Temporal relation extraction: applying ML models.
07/13/2017 05:16:08 PM: Temporal relation extraction: done.
07/13/2017 05:16:08 PM: [11840/12000] Doc data_20170129081129_403.tml annotated.
07/13/2017 05:16:08 PM: [11847/12000] Doc data_20170129081129_41.tml.
07/13/2017 05:16:08 PM: Document dataCleaned/data_20170129081129_41.tml: parsing...
07/13/2017 05:16:09 PM: Document dataCleaned/data_20170129081129_41.tml: parsed.
07/13/2017 05:16:09 PM: Attributes: extracting...
07/13/2017 05:16:10 PM: Attributes: extracted.
07/13/2017 05:16:10 PM: Identification: applying ML models.
07/13/2017 05:16:13 PM: Identification: done.
07/13/2017 05:16:13 PM: Normalisation: applying ML models.
07/13/2017 05:16:14 PM: Normalisation: done.
07/13/2017 05:16:14 PM: Temporal relation extraction: applying ML models.
07/13/2017 05:16:18 PM: Temporal relation extraction: done.
07/13/2017 05:16:18 PM: [11847/12000] Doc data_20170129081129_41.tml annotated.
07/13/2017 05:16:18 PM: [11900/12000] Doc data_20170129081129_458.tml.
07/13/2017 05:16:18 PM: Document dataCleaned/data_20170129081129_458.tml: parsing...
07/13/2017 05:17:16 PM: Document dataCleaned/data_20170129081129_458.tml: parsed.
07/13/2017 05:17:16 PM: Attributes: extracting...
07/13/2017 05:17:17 PM: Attributes: extracted.
07/13/2017 05:17:17 PM: Identification: applying ML models.
07/13/2017 05:17:17 PM: Identification: done.
07/13/2017 05:17:17 PM: Normalisation: applying ML models.
07/13/2017 05:17:18 PM: Normalisation: done.
07/13/2017 05:17:18 PM: Temporal relation extraction: applying ML models.
07/13/2017 05:17:23 PM: Temporal relation extraction: done.
07/13/2017 05:17:23 PM: [11900/12000] Doc data_20170129081129_458.tml annotated.
07/13/2017 05:17:23 PM: [11919/12000] Doc data_20170129081129_475.tml.
07/13/2017 05:17:23 PM: Document dataCleaned/data_20170129081129_475.tml: parsing...
07/13/2017 05:17:24 PM: Document dataCleaned/data_20170129081129_475.tml: parsed.
07/13/2017 05:17:24 PM: Attributes: extracting...
07/13/2017 05:17:26 PM: Attributes: extracted.
07/13/2017 05:17:26 PM: Identification: applying ML models.
07/13/2017 05:17:29 PM: Identification: done.
07/13/2017 05:17:29 PM: Normalisation: applying ML models.
07/13/2017 05:17:30 PM: Normalisation: done.
07/13/2017 05:17:30 PM: Temporal relation extraction: applying ML models.
07/13/2017 05:17:34 PM: Temporal relation extraction: done.
07/13/2017 05:17:34 PM: [11919/12000] Doc data_20170129081129_475.tml annotated.
07/13/2017 05:17:34 PM: [11963/12000] Doc data_20170129081129_65.tml.
07/13/2017 05:17:34 PM: Document dataCleaned/data_20170129081129_65.tml: parsing...
07/13/2017 05:17:35 PM: Document dataCleaned/data_20170129081129_65.tml: parsed.
07/13/2017 05:17:35 PM: Attributes: extracting...
07/13/2017 05:17:37 PM: Attributes: extracted.
07/13/2017 05:17:37 PM: Identification: applying ML models.
07/13/2017 05:17:40 PM: Identification: done.
07/13/2017 05:17:40 PM: Normalisation: applying ML models.
07/13/2017 05:17:41 PM: Normalisation: done.
07/13/2017 05:17:41 PM: Temporal relation extraction: applying ML models.
07/13/2017 05:17:45 PM: Temporal relation extraction: done.
07/13/2017 05:17:45 PM: [11963/12000] Doc data_20170129081129_65.tml annotated.
07/13/2017 05:17:45 PM: [11987/12000] Doc data_20170129081129_87.tml.
07/13/2017 05:17:45 PM: Document dataCleaned/data_20170129081129_87.tml: parsing...
07/13/2017 05:17:45 PM: Document dataCleaned/data_20170129081129_87.tml: parsed.
07/13/2017 05:17:45 PM: Attributes: extracting...
07/13/2017 05:17:46 PM: Attributes: extracted.
07/13/2017 05:17:46 PM: Identification: applying ML models.
07/13/2017 05:17:46 PM: Identification: done.
07/13/2017 05:17:46 PM: Normalisation: applying ML models.
07/13/2017 05:17:47 PM: Normalisation: done.
07/13/2017 05:17:47 PM: Temporal relation extraction: applying ML models.
07/13/2017 05:17:47 PM: Temporal relation extraction: done.
07/13/2017 05:17:47 PM: [11987/12000] Doc data_20170129081129_87.tml annotated.
/home/jamielee/CRF++-0.58/crf_test
mantime.py args inputfolder: ./dataCleaned
